{"/home/zenozeng/home/code/node-yaqrcode/index.js":{"path":"/home/zenozeng/home/code/node-yaqrcode/index.js","s":{"1":1,"2":1,"3":2,"4":2,"5":2,"6":2,"7":2,"8":2,"9":2,"10":2,"11":2,"12":1,"13":0,"14":1,"15":1,"16":1,"17":1,"18":1},"b":{"1":[2,1],"2":[2,1],"3":[2,1],"4":[2,1],"5":[2,0],"6":[0,1]},"f":{"1":2},"fnMap":{"1":{"name":"(anonymous_1)","line":3,"loc":{"start":{"line":3,"column":10},"end":{"line":3,"column":34}}}},"statementMap":{"1":{"start":{"line":1,"column":0},"end":{"line":1,"column":36}},"2":{"start":{"line":3,"column":0},"end":{"line":32,"column":2}},"3":{"start":{"line":4,"column":4},"end":{"line":4,"column":28}},"4":{"start":{"line":5,"column":4},"end":{"line":5,"column":45}},"5":{"start":{"line":6,"column":4},"end":{"line":6,"column":61}},"6":{"start":{"line":7,"column":4},"end":{"line":7,"column":35}},"7":{"start":{"line":9,"column":4},"end":{"line":9,"column":11}},"8":{"start":{"line":11,"column":4},"end":{"line":25,"column":5}},"9":{"start":{"line":12,"column":8},"end":{"line":12,"column":58}},"10":{"start":{"line":13,"column":8},"end":{"line":13,"column":25}},"11":{"start":{"line":14,"column":8},"end":{"line":14,"column":18}},"12":{"start":{"line":16,"column":8},"end":{"line":24,"column":9}},"13":{"start":{"line":17,"column":12},"end":{"line":17,"column":55}},"14":{"start":{"line":19,"column":12},"end":{"line":23,"column":15}},"15":{"start":{"line":28,"column":4},"end":{"line":28,"column":56}},"16":{"start":{"line":29,"column":4},"end":{"line":29,"column":71}},"17":{"start":{"line":31,"column":4},"end":{"line":31,"column":51}},"18":{"start":{"line":34,"column":0},"end":{"line":34,"column":21}}},"branchMap":{"1":{"line":4,"type":"binary-expr","locations":[{"start":{"line":4,"column":14},"end":{"line":4,"column":21}},{"start":{"line":4,"column":25},"end":{"line":4,"column":27}}]},"2":{"line":5,"type":"binary-expr","locations":[{"start":{"line":5,"column":21},"end":{"line":5,"column":39}},{"start":{"line":5,"column":43},"end":{"line":5,"column":44}}]},"3":{"line":6,"type":"binary-expr","locations":[{"start":{"line":6,"column":28},"end":{"line":6,"column":53}},{"start":{"line":6,"column":57},"end":{"line":6,"column":60}}]},"4":{"line":7,"type":"binary-expr","locations":[{"start":{"line":7,"column":15},"end":{"line":7,"column":27}},{"start":{"line":7,"column":31},"end":{"line":7,"column":34}}]},"5":{"line":12,"type":"binary-expr","locations":[{"start":{"line":12,"column":32},"end":{"line":12,"column":49}},{"start":{"line":12,"column":53},"end":{"line":12,"column":56}}]},"6":{"line":16,"type":"if","locations":[{"start":{"line":16,"column":8},"end":{"line":16,"column":8}},{"start":{"line":16,"column":8},"end":{"line":16,"column":8}}]}}},"/home/zenozeng/home/code/node-yaqrcode/qrcode.js":{"path":"/home/zenozeng/home/code/node-yaqrcode/qrcode.js","s":{"1":1,"2":2,"3":2,"4":2,"5":2,"6":2,"7":2,"8":2,"9":2,"10":2,"11":2,"12":10,"13":10,"14":10,"15":10,"16":366,"17":366,"18":13410,"19":10,"20":10,"21":10,"22":10,"23":10,"24":10,"25":10,"26":10,"27":0,"28":10,"29":2,"30":9,"31":2,"32":30,"33":270,"34":30,"35":240,"36":2160,"37":240,"38":1920,"39":990,"40":930,"41":2,"42":2,"43":2,"44":2,"45":9,"46":8,"47":8,"48":5,"49":5,"50":1,"51":2,"52":10,"53":206,"54":0,"55":206,"56":10,"57":206,"58":0,"59":206,"60":2,"61":10,"62":10,"63":20,"64":40,"65":40,"66":40,"67":30,"68":10,"69":50,"70":250,"71":170,"72":80,"73":2,"74":0,"75":0,"76":0,"77":0,"78":0,"79":0,"80":0,"81":2,"82":10,"83":10,"84":10,"85":150,"86":150,"87":60,"88":90,"89":20,"90":70,"91":10,"92":150,"93":150,"94":80,"95":70,"96":10,"97":60,"98":10,"99":2,"100":9,"101":9,"102":9,"103":9,"104":9,"105":9,"106":162,"107":9,"108":162,"109":5994,"110":11988,"111":9711,"112":9711,"113":9648,"114":9711,"115":9711,"116":4564,"117":9711,"118":9711,"119":9711,"120":1206,"121":1206,"122":5994,"123":5994,"124":162,"125":162,"126":162,"127":2,"128":1,"129":1,"130":1,"131":1,"132":1,"133":1,"134":2,"135":2,"136":2,"137":2,"138":2,"139":2,"140":86,"141":2,"142":2,"143":2,"144":2,"145":2,"146":2,"147":48,"148":48,"149":1,"150":1,"151":2,"152":1,"153":1,"154":1,"155":43,"156":86,"157":86,"158":86,"159":1,"160":24,"161":48,"162":48,"163":48,"164":1,"165":2,"166":2,"167":2,"168":2,"169":2,"170":2,"171":2,"172":2,"173":2,"174":2,"175":4,"176":2,"177":1,"178":1,"179":1,"180":1,"181":0,"182":1,"183":10,"184":0,"185":10,"186":10,"187":1,"188":9,"189":1,"190":2,"191":2,"192":2,"193":2,"194":2,"195":415172,"196":0,"197":415172,"198":2,"199":11,"200":2,"201":2,"202":2,"203":0,"204":0,"205":0,"206":0,"207":0,"208":0,"209":0,"210":0,"211":0,"212":0,"213":0,"214":0,"215":0,"216":0,"217":0,"218":0,"219":0,"220":0,"221":0,"222":0,"223":0,"224":0,"225":0,"226":0,"227":0,"228":0,"229":2,"230":1,"231":1,"232":1,"233":1,"234":1,"235":250000,"236":231361,"237":231361,"238":231361,"239":18639,"240":2,"241":1,"242":0,"243":0,"244":0,"245":0,"246":0,"247":1,"248":0,"249":0,"250":0,"251":0,"252":0,"253":0,"254":0,"255":0,"256":0,"257":0,"258":0,"259":0,"260":0,"261":0,"262":0,"263":0,"264":0,"265":0,"266":0,"267":0,"268":0,"269":0,"270":0,"271":0,"272":0,"273":0,"274":0,"275":0,"276":0,"277":0,"278":0,"279":0,"280":0,"281":0,"282":0,"283":0,"284":0,"285":0,"286":1,"287":1,"288":1,"289":1,"290":1,"291":1,"292":1,"293":1,"294":1,"295":1,"296":76,"297":76,"298":829,"299":829,"300":76,"301":1,"302":10,"303":10,"304":14,"305":10,"306":1,"307":0,"308":0,"309":0,"310":0,"311":1,"312":10,"313":1,"314":9,"315":1,"316":1079,"317":1,"318":1079,"319":1,"320":1079,"321":1,"322":1079,"323":2,"324":2158,"325":1,"326":1079,"327":1,"328":1079,"329":1,"330":1079,"331":0,"332":1,"333":2,"334":2,"335":48,"336":2,"337":1,"338":2,"339":2,"340":0,"341":0,"342":2,"343":0,"344":0,"345":0,"346":0,"347":0,"348":0,"349":0,"350":0,"351":0,"352":0,"353":0,"354":0,"355":0,"356":0,"357":0,"358":0,"359":0,"360":1,"361":8,"362":8,"363":8,"364":296,"365":10952,"366":10952,"367":10952,"368":32856,"369":592,"370":32264,"371":96792,"372":1744,"373":95048,"374":10952,"375":84096,"376":41566,"377":10952,"378":1450,"379":8,"380":288,"381":10368,"382":10368,"383":5028,"384":10368,"385":5002,"386":10368,"387":5013,"388":10368,"389":4987,"390":10368,"391":1442,"392":8,"393":296,"394":9176,"395":138,"396":8,"397":296,"398":9176,"399":140,"400":8,"401":8,"402":296,"403":10952,"404":5373,"405":8,"406":8,"407":8,"408":1,"409":1,"410":1,"411":1,"412":1,"413":8,"414":1,"415":248,"416":1,"417":255,"418":1,"419":1,"420":4722,"421":0,"422":4722,"423":1,"424":3398,"425":0,"426":3398,"427":1219,"428":3398,"429":1,"430":1,"431":186,"432":0,"433":186,"434":186,"435":186,"436":86,"437":186,"438":186,"439":4702,"440":186,"441":186,"442":186,"443":8726,"444":186,"445":9136,"446":186,"447":48,"448":48,"449":600,"450":1200,"451":48,"452":186,"453":88,"454":2,"455":86,"456":86,"457":86,"458":3956,"459":86,"460":2150,"461":86,"462":186,"463":1,"464":1,"465":1,"466":4,"467":4,"468":4,"469":4,"470":1,"471":1,"472":2,"473":0,"474":2,"475":0,"476":0,"477":0,"478":1,"479":2,"480":2,"481":0,"482":2,"483":2,"484":2,"485":2,"486":2,"487":2,"488":2,"489":4,"490":2,"491":1,"492":1,"493":2,"494":2,"495":2,"496":2,"497":86,"498":2,"499":0,"500":0,"501":2,"502":154,"503":1220,"504":2,"505":25,"506":2,"507":1220,"508":1220,"509":153,"510":1220,"511":576,"512":1220,"513":2,"514":1,"515":2,"516":2,"517":2,"518":2,"519":2,"520":130,"521":130,"522":130,"523":0,"524":0,"525":0,"526":0,"527":130,"528":0,"529":0,"530":0,"531":130,"532":0,"533":0,"534":130,"535":130,"536":2,"537":2,"538":0,"539":0,"540":0,"541":2,"542":2,"543":4,"544":2,"545":2,"546":2,"547":2,"548":130,"549":2,"550":1,"551":2,"552":2,"553":2,"554":17192,"555":2,"556":6,"557":6,"558":2,"559":34,"560":34,"561":34,"562":8563,"563":2,"564":3,"565":8,"566":2,"567":2,"568":2,"569":0,"570":0,"571":0,"572":0,"573":0,"574":0,"575":0,"576":0,"577":2,"578":1,"579":1,"580":1,"581":1,"582":1,"583":1,"584":1,"585":11506,"586":1,"587":11506,"588":11506,"589":3672,"590":7834,"591":4833,"592":3001,"593":2130,"594":871,"595":294,"596":577,"597":577,"598":0,"599":1,"600":8629,"601":8629,"602":8629,"603":8629,"604":11505,"605":11505,"606":1,"607":1,"608":1,"609":1,"610":1,"611":1,"612":1,"613":1,"614":2,"615":1,"616":1,"617":1,"618":1,"619":0,"620":0,"621":0,"622":0,"623":0,"624":0,"625":0,"626":0,"627":0,"628":0,"629":0,"630":0,"631":0,"632":0,"633":0,"634":0,"635":0,"636":0,"637":0,"638":0,"639":0,"640":0,"641":0,"642":0,"643":0,"644":0,"645":0,"646":0,"647":0,"648":0,"649":0,"650":0,"651":0,"652":0,"653":0,"654":0,"655":1,"656":1,"657":1,"658":1,"659":1,"660":1,"661":250000,"662":1,"663":1,"664":1,"665":1,"666":1,"667":1,"668":1,"669":1,"670":1,"671":1,"672":1,"673":1,"674":1,"675":1,"676":1,"677":1,"678":1,"679":1,"680":1,"681":1,"682":1,"683":1,"684":1,"685":1,"686":33,"687":33,"688":33,"689":1,"690":1,"691":1,"692":1,"693":1,"694":1,"695":1,"696":1,"697":1,"698":1,"699":6046,"700":0,"701":6046,"702":8562,"703":8562,"704":8562,"705":8562,"706":8562,"707":6046,"708":6046,"709":1,"710":1,"711":1,"712":1,"713":1,"714":1,"715":1,"716":1,"717":1,"718":1,"719":4,"720":1,"721":1,"722":1,"723":1,"724":1,"725":1,"726":1,"727":1,"728":1,"729":249999,"730":249999,"731":249999,"732":243956,"733":6043,"734":6043,"735":4089,"736":9,"737":4089,"738":6043,"739":1,"740":1,"741":1,"742":1,"743":1,"744":1,"745":1,"746":1,"747":1,"748":4095,"749":0,"750":4095,"751":4095,"752":1,"753":10132,"754":1,"755":6044,"756":1,"757":254094,"758":1,"759":1,"760":1,"761":1,"762":1,"763":500,"764":250000,"765":1,"766":1,"767":1,"768":1,"769":1,"770":8629,"771":1,"772":1,"773":1,"774":1,"775":1,"776":1},"b":{"1":[0,10],"2":[2,8],"3":[30,240],"4":[270,250],"5":[240,1920],"6":[2160,2000],"7":[990,930],"8":[1920,1840,1680,1470,1500,1420,1260,1110,1200,910,540,420],"9":[5,3],"10":[8,7],"11":[0,206],"12":[0,206],"13":[30,10],"14":[170,80],"15":[250,200,150,120,90,30],"16":[0,0],"17":[0,0],"18":[150,15],"19":[60,90],"20":[20,70],"21":[150,15],"22":[80,70],"23":[10,60],"24":[9,153],"25":[9711,2277],"26":[9648,63],"27":[4564,5147],"28":[1206,8505],"29":[162,5832],"30":[5994,5913],"31":[48,0],"32":[86,0],"33":[48,0],"34":[1,1],"35":[1,0],"36":[0,10],"37":[1,9],"38":[0,415172],"39":[415172,415172,415172,415172],"40":[0,0],"41":[0,0],"42":[0,0],"43":[1,0],"44":[0,1],"45":[231361,18639],"46":[250000,245500,240500,236171],"47":[115596,115765],"48":[0,0],"49":[0,0],"50":[0,0],"51":[0,0],"52":[0,0],"53":[0,0],"54":[1,1,1,1,2,1,1,1,0],"55":[2,0],"56":[2,2],"57":[0,0,2,0,0],"58":[0,0],"59":[0,0,0,0,0],"60":[0,0],"61":[0,0,0,0,0],"62":[592,32264],"63":[32856,32560],"64":[1744,95048],"65":[96792,95920],"66":[10952,84096],"67":[95048,32264],"68":[41566,42530],"69":[1450,9502],"70":[5028,5340],"71":[5002,5366],"72":[5013,5355],"73":[4987,5381],"74":[1442,8926],"75":[10368,9528],"76":[138,9038],"77":[9176,4489,2320,1182,546,335,197],"78":[140,9036],"79":[9176,4495,2250,1169,513,305,186],"80":[5373,5579],"81":[0,4722],"82":[0,186],"83":[272,272],"84":[2,86],"85":[0,2,0,0,0],"86":[0,2],"87":[153,1067],"88":[576,644],"89":[0,130],"90":[0,130],"91":[0,130],"92":[0,2],"93":[34,1],"94":[34,0],"95":[0,0],"96":[0,11506],"97":[3672,7834],"98":[4833,3001],"99":[2130,871],"100":[294,577],"101":[577,0],"102":[1,0],"103":[1,0],"104":[0,0],"105":[0,0],"106":[0,0],"107":[0,0],"108":[0,0],"109":[0,0],"110":[0,0],"111":[0,0],"112":[0,0],"113":[0,0],"114":[0,0],"115":[0,0],"116":[0,6046],"117":[1,0],"118":[243956,6043],"119":[4089,1954],"120":[9,4080],"121":[0,4095]},"f":{"1":2,"2":10,"3":10,"4":30,"5":2,"6":10,"7":10,"8":0,"9":10,"10":9,"11":1,"12":2,"13":2,"14":415172,"15":11,"16":2,"17":0,"18":1,"19":250000,"20":0,"21":0,"22":0,"23":0,"24":0,"25":1,"26":76,"27":10,"28":0,"29":10,"30":9,"31":1079,"32":1079,"33":1079,"34":1079,"35":2158,"36":1079,"37":1079,"38":1079,"39":2,"40":2,"41":8,"42":1,"43":4722,"44":3398,"45":186,"46":186,"47":8726,"48":9136,"49":48,"50":88,"51":1,"52":4,"53":2,"54":2,"55":2,"56":86,"57":0,"58":154,"59":25,"60":1220,"61":2,"62":4,"63":2,"64":2,"65":2,"66":17192,"67":6,"68":34,"69":3,"70":2,"71":0,"72":1,"73":11506,"74":11506,"75":8629,"76":1,"77":1,"78":0,"79":0,"80":0,"81":1,"82":250000,"83":1,"84":1,"85":6046,"86":1,"87":1,"88":1,"89":4095,"90":10132,"91":6044,"92":254094,"93":1},"fnMap":{"1":{"name":"(anonymous_1)","line":27,"loc":{"start":{"line":27,"column":13},"end":{"line":27,"column":53}}},"2":{"name":"(anonymous_2)","line":41,"loc":{"start":{"line":41,"column":19},"end":{"line":41,"column":47}}},"3":{"name":"(anonymous_3)","line":44,"loc":{"start":{"line":44,"column":12},"end":{"line":44,"column":34}}},"4":{"name":"(anonymous_4)","line":73,"loc":{"start":{"line":73,"column":36},"end":{"line":73,"column":55}}},"5":{"name":"(anonymous_5)","line":94,"loc":{"start":{"line":94,"column":29},"end":{"line":94,"column":40}}},"6":{"name":"(anonymous_6)","line":114,"loc":{"start":{"line":114,"column":29},"end":{"line":114,"column":40}}},"7":{"name":"(anonymous_7)","line":131,"loc":{"start":{"line":131,"column":37},"end":{"line":131,"column":48}}},"8":{"name":"(anonymous_8)","line":162,"loc":{"start":{"line":162,"column":26},"end":{"line":162,"column":41}}},"9":{"name":"(anonymous_9)","line":177,"loc":{"start":{"line":177,"column":24},"end":{"line":177,"column":52}}},"10":{"name":"(anonymous_10)","line":214,"loc":{"start":{"line":214,"column":18},"end":{"line":214,"column":46}}},"11":{"name":"(anonymous_11)","line":265,"loc":{"start":{"line":265,"column":22},"end":{"line":265,"column":49}}},"12":{"name":"(anonymous_12)","line":330,"loc":{"start":{"line":330,"column":21},"end":{"line":330,"column":71}}},"13":{"name":"(anonymous_13)","line":384,"loc":{"start":{"line":384,"column":20},"end":{"line":384,"column":35}}},"14":{"name":"(anonymous_14)","line":390,"loc":{"start":{"line":390,"column":19},"end":{"line":390,"column":38}}},"15":{"name":"(anonymous_15)","line":397,"loc":{"start":{"line":397,"column":27},"end":{"line":397,"column":38}}},"16":{"name":"(anonymous_16)","line":401,"loc":{"start":{"line":401,"column":17},"end":{"line":401,"column":28}}},"17":{"name":"(anonymous_17)","line":405,"loc":{"start":{"line":405,"column":27},"end":{"line":405,"column":54}}},"18":{"name":"(anonymous_18)","line":445,"loc":{"start":{"line":445,"column":25},"end":{"line":445,"column":58}}},"19":{"name":"(anonymous_19)","line":453,"loc":{"start":{"line":453,"column":33},"end":{"line":453,"column":48}}},"20":{"name":"(anonymous_20)","line":471,"loc":{"start":{"line":471,"column":23},"end":{"line":471,"column":35}}},"21":{"name":"(anonymous_21)","line":489,"loc":{"start":{"line":489,"column":29},"end":{"line":489,"column":61}}},"22":{"name":"(anonymous_22)","line":493,"loc":{"start":{"line":493,"column":21},"end":{"line":493,"column":32}}},"23":{"name":"(anonymous_23)","line":496,"loc":{"start":{"line":496,"column":12},"end":{"line":496,"column":23}}},"24":{"name":"(anonymous_24)","line":524,"loc":{"start":{"line":524,"column":11},"end":{"line":524,"column":23}}},"25":{"name":"(anonymous_25)","line":591,"loc":{"start":{"line":591,"column":13},"end":{"line":591,"column":24}}},"26":{"name":"(anonymous_26)","line":641,"loc":{"start":{"line":641,"column":22},"end":{"line":641,"column":37}}},"27":{"name":"(anonymous_27)","line":650,"loc":{"start":{"line":650,"column":27},"end":{"line":650,"column":42}}},"28":{"name":"(anonymous_28)","line":658,"loc":{"start":{"line":658,"column":29},"end":{"line":658,"column":44}}},"29":{"name":"(anonymous_29)","line":666,"loc":{"start":{"line":666,"column":31},"end":{"line":666,"column":52}}},"30":{"name":"(anonymous_30)","line":670,"loc":{"start":{"line":670,"column":28},"end":{"line":670,"column":50}}},"31":{"name":"(anonymous_31)","line":675,"loc":{"start":{"line":675,"column":9},"end":{"line":675,"column":24}}},"32":{"name":"(anonymous_32)","line":677,"loc":{"start":{"line":677,"column":9},"end":{"line":677,"column":24}}},"33":{"name":"(anonymous_33)","line":679,"loc":{"start":{"line":679,"column":9},"end":{"line":679,"column":24}}},"34":{"name":"(anonymous_34)","line":681,"loc":{"start":{"line":681,"column":9},"end":{"line":681,"column":24}}},"35":{"name":"(anonymous_35)","line":683,"loc":{"start":{"line":683,"column":9},"end":{"line":683,"column":24}}},"36":{"name":"(anonymous_36)","line":685,"loc":{"start":{"line":685,"column":9},"end":{"line":685,"column":24}}},"37":{"name":"(anonymous_37)","line":687,"loc":{"start":{"line":687,"column":9},"end":{"line":687,"column":24}}},"38":{"name":"(anonymous_38)","line":689,"loc":{"start":{"line":689,"column":9},"end":{"line":689,"column":24}}},"39":{"name":"(anonymous_39)","line":696,"loc":{"start":{"line":696,"column":38},"end":{"line":696,"column":67}}},"40":{"name":"(anonymous_40)","line":704,"loc":{"start":{"line":704,"column":28},"end":{"line":704,"column":49}}},"41":{"name":"(anonymous_41)","line":750,"loc":{"start":{"line":750,"column":25},"end":{"line":750,"column":42}}},"42":{"name":"(anonymous_42)","line":862,"loc":{"start":{"line":862,"column":13},"end":{"line":862,"column":24}}},"43":{"name":"(anonymous_43)","line":883,"loc":{"start":{"line":883,"column":17},"end":{"line":883,"column":29}}},"44":{"name":"(anonymous_44)","line":892,"loc":{"start":{"line":892,"column":17},"end":{"line":892,"column":29}}},"45":{"name":"qrPolynomial","line":912,"loc":{"start":{"line":912,"column":0},"end":{"line":912,"column":34}}},"46":{"name":"(anonymous_46)","line":918,"loc":{"start":{"line":918,"column":15},"end":{"line":918,"column":26}}},"47":{"name":"(anonymous_47)","line":932,"loc":{"start":{"line":932,"column":18},"end":{"line":932,"column":34}}},"48":{"name":"(anonymous_48)","line":936,"loc":{"start":{"line":936,"column":22},"end":{"line":936,"column":33}}},"49":{"name":"(anonymous_49)","line":940,"loc":{"start":{"line":940,"column":21},"end":{"line":940,"column":33}}},"50":{"name":"(anonymous_50)","line":953,"loc":{"start":{"line":953,"column":16},"end":{"line":953,"column":28}}},"51":{"name":"(anonymous_51)","line":981,"loc":{"start":{"line":981,"column":16},"end":{"line":981,"column":27}}},"52":{"name":"(anonymous_52)","line":987,"loc":{"start":{"line":987,"column":20},"end":{"line":987,"column":52}}},"53":{"name":"(anonymous_53)","line":996,"loc":{"start":{"line":996,"column":26},"end":{"line":996,"column":66}}},"54":{"name":"(anonymous_54)","line":1012,"loc":{"start":{"line":1012,"column":24},"end":{"line":1012,"column":64}}},"55":{"name":"(anonymous_55)","line":1046,"loc":{"start":{"line":1046,"column":18},"end":{"line":1046,"column":29}}},"56":{"name":"(anonymous_56)","line":1053,"loc":{"start":{"line":1053,"column":22},"end":{"line":1053,"column":33}}},"57":{"name":"(anonymous_57)","line":1057,"loc":{"start":{"line":1057,"column":18},"end":{"line":1057,"column":34}}},"58":{"name":"(anonymous_58)","line":1062,"loc":{"start":{"line":1062,"column":16},"end":{"line":1062,"column":38}}},"59":{"name":"(anonymous_59)","line":1068,"loc":{"start":{"line":1068,"column":28},"end":{"line":1068,"column":39}}},"60":{"name":"(anonymous_60)","line":1072,"loc":{"start":{"line":1072,"column":19},"end":{"line":1072,"column":33}}},"61":{"name":"(anonymous_61)","line":1093,"loc":{"start":{"line":1093,"column":17},"end":{"line":1093,"column":32}}},"62":{"name":"(anonymous_62)","line":1137,"loc":{"start":{"line":1137,"column":20},"end":{"line":1137,"column":31}}},"63":{"name":"(anonymous_63)","line":1141,"loc":{"start":{"line":1141,"column":22},"end":{"line":1141,"column":39}}},"64":{"name":"(anonymous_64)","line":1145,"loc":{"start":{"line":1145,"column":18},"end":{"line":1145,"column":35}}},"65":{"name":"(anonymous_65)","line":1162,"loc":{"start":{"line":1162,"column":28},"end":{"line":1162,"column":39}}},"66":{"name":"(anonymous_66)","line":1168,"loc":{"start":{"line":1168,"column":22},"end":{"line":1168,"column":34}}},"67":{"name":"(anonymous_67)","line":1172,"loc":{"start":{"line":1172,"column":23},"end":{"line":1172,"column":35}}},"68":{"name":"(anonymous_68)","line":1177,"loc":{"start":{"line":1177,"column":23},"end":{"line":1177,"column":45}}},"69":{"name":"(anonymous_69)","line":1185,"loc":{"start":{"line":1185,"column":24},"end":{"line":1185,"column":36}}},"70":{"name":"(anonymous_70)","line":1191,"loc":{"start":{"line":1191,"column":24},"end":{"line":1191,"column":35}}},"71":{"name":"(anonymous_71)","line":1195,"loc":{"start":{"line":1195,"column":21},"end":{"line":1195,"column":32}}},"72":{"name":"(anonymous_72)","line":1215,"loc":{"start":{"line":1215,"column":31},"end":{"line":1215,"column":42}}},"73":{"name":"(anonymous_73)","line":1224,"loc":{"start":{"line":1224,"column":23},"end":{"line":1224,"column":35}}},"74":{"name":"(anonymous_74)","line":1228,"loc":{"start":{"line":1228,"column":17},"end":{"line":1228,"column":29}}},"75":{"name":"(anonymous_75)","line":1245,"loc":{"start":{"line":1245,"column":22},"end":{"line":1245,"column":34}}},"76":{"name":"(anonymous_76)","line":1257,"loc":{"start":{"line":1257,"column":18},"end":{"line":1257,"column":29}}},"77":{"name":"(anonymous_77)","line":1274,"loc":{"start":{"line":1274,"column":21},"end":{"line":1274,"column":32}}},"78":{"name":"(anonymous_78)","line":1285,"loc":{"start":{"line":1285,"column":30},"end":{"line":1285,"column":44}}},"79":{"name":"(anonymous_79)","line":1294,"loc":{"start":{"line":1294,"column":17},"end":{"line":1294,"column":28}}},"80":{"name":"(anonymous_80)","line":1325,"loc":{"start":{"line":1325,"column":17},"end":{"line":1325,"column":29}}},"81":{"name":"(anonymous_81)","line":1348,"loc":{"start":{"line":1348,"column":15},"end":{"line":1348,"column":39}}},"82":{"name":"(anonymous_82)","line":1356,"loc":{"start":{"line":1356,"column":21},"end":{"line":1356,"column":43}}},"83":{"name":"(anonymous_83)","line":1360,"loc":{"start":{"line":1360,"column":18},"end":{"line":1360,"column":32}}},"84":{"name":"(anonymous_84)","line":1428,"loc":{"start":{"line":1428,"column":26},"end":{"line":1428,"column":40}}},"85":{"name":"(anonymous_85)","line":1436,"loc":{"start":{"line":1436,"column":15},"end":{"line":1436,"column":38}}},"86":{"name":"(anonymous_86)","line":1454,"loc":{"start":{"line":1454,"column":15},"end":{"line":1454,"column":26}}},"87":{"name":"(anonymous_87)","line":1463,"loc":{"start":{"line":1463,"column":23},"end":{"line":1463,"column":48}}},"88":{"name":"(anonymous_88)","line":1525,"loc":{"start":{"line":1525,"column":19},"end":{"line":1525,"column":30}}},"89":{"name":"(anonymous_89)","line":1532,"loc":{"start":{"line":1532,"column":13},"end":{"line":1532,"column":27}}},"90":{"name":"(anonymous_90)","line":1540,"loc":{"start":{"line":1540,"column":14},"end":{"line":1540,"column":25}}},"91":{"name":"(anonymous_91)","line":1544,"loc":{"start":{"line":1544,"column":17},"end":{"line":1544,"column":31}}},"92":{"name":"(anonymous_92)","line":1548,"loc":{"start":{"line":1548,"column":18},"end":{"line":1548,"column":32}}},"93":{"name":"(anonymous_93)","line":1558,"loc":{"start":{"line":1558,"column":19},"end":{"line":1558,"column":58}}}},"statementMap":{"1":{"start":{"line":27,"column":0},"end":{"line":465,"column":2}},"2":{"start":{"line":29,"column":4},"end":{"line":29,"column":20}},"3":{"start":{"line":30,"column":4},"end":{"line":30,"column":20}},"4":{"start":{"line":32,"column":4},"end":{"line":32,"column":33}},"5":{"start":{"line":33,"column":4},"end":{"line":33,"column":68}},"6":{"start":{"line":34,"column":4},"end":{"line":34,"column":24}},"7":{"start":{"line":35,"column":4},"end":{"line":35,"column":25}},"8":{"start":{"line":36,"column":4},"end":{"line":36,"column":26}},"9":{"start":{"line":37,"column":4},"end":{"line":37,"column":32}},"10":{"start":{"line":39,"column":4},"end":{"line":39,"column":19}},"11":{"start":{"line":41,"column":4},"end":{"line":71,"column":6}},"12":{"start":{"line":43,"column":1},"end":{"line":43,"column":37}},"13":{"start":{"line":44,"column":1},"end":{"line":53,"column":17}},"14":{"start":{"line":45,"column":5},"end":{"line":45,"column":42}},"15":{"start":{"line":46,"column":5},"end":{"line":51,"column":6}},"16":{"start":{"line":47,"column":2},"end":{"line":47,"column":40}},"17":{"start":{"line":48,"column":2},"end":{"line":50,"column":3}},"18":{"start":{"line":49,"column":6},"end":{"line":49,"column":31}},"19":{"start":{"line":52,"column":5},"end":{"line":52,"column":20}},"20":{"start":{"line":55,"column":1},"end":{"line":55,"column":33}},"21":{"start":{"line":56,"column":1},"end":{"line":56,"column":48}},"22":{"start":{"line":57,"column":1},"end":{"line":57,"column":48}},"23":{"start":{"line":58,"column":1},"end":{"line":58,"column":30}},"24":{"start":{"line":59,"column":1},"end":{"line":59,"column":22}},"25":{"start":{"line":60,"column":1},"end":{"line":60,"column":34}},"26":{"start":{"line":62,"column":1},"end":{"line":64,"column":2}},"27":{"start":{"line":63,"column":5},"end":{"line":63,"column":27}},"28":{"start":{"line":66,"column":1},"end":{"line":68,"column":2}},"29":{"start":{"line":67,"column":5},"end":{"line":67,"column":73}},"30":{"start":{"line":70,"column":1},"end":{"line":70,"column":34}},"31":{"start":{"line":73,"column":4},"end":{"line":92,"column":6}},"32":{"start":{"line":75,"column":1},"end":{"line":91,"column":2}},"33":{"start":{"line":77,"column":5},"end":{"line":77,"column":60}},"34":{"start":{"line":77,"column":51},"end":{"line":77,"column":60}},"35":{"start":{"line":79,"column":5},"end":{"line":90,"column":6}},"36":{"start":{"line":81,"column":2},"end":{"line":81,"column":57}},"37":{"start":{"line":81,"column":48},"end":{"line":81,"column":57}},"38":{"start":{"line":83,"column":2},"end":{"line":89,"column":3}},"39":{"start":{"line":86,"column":6},"end":{"line":86,"column":40}},"40":{"start":{"line":88,"column":6},"end":{"line":88,"column":41}},"41":{"start":{"line":94,"column":4},"end":{"line":112,"column":6}},"42":{"start":{"line":96,"column":1},"end":{"line":96,"column":22}},"43":{"start":{"line":97,"column":1},"end":{"line":97,"column":17}},"44":{"start":{"line":99,"column":1},"end":{"line":109,"column":2}},"45":{"start":{"line":101,"column":5},"end":{"line":101,"column":23}},"46":{"start":{"line":103,"column":5},"end":{"line":103,"column":48}},"47":{"start":{"line":105,"column":5},"end":{"line":108,"column":6}},"48":{"start":{"line":106,"column":2},"end":{"line":106,"column":27}},"49":{"start":{"line":107,"column":2},"end":{"line":107,"column":14}},"50":{"start":{"line":111,"column":1},"end":{"line":111,"column":16}},"51":{"start":{"line":114,"column":4},"end":{"line":129,"column":6}},"52":{"start":{"line":116,"column":1},"end":{"line":121,"column":2}},"53":{"start":{"line":117,"column":5},"end":{"line":119,"column":6}},"54":{"start":{"line":118,"column":2},"end":{"line":118,"column":11}},"55":{"start":{"line":120,"column":5},"end":{"line":120,"column":35}},"56":{"start":{"line":123,"column":1},"end":{"line":128,"column":2}},"57":{"start":{"line":124,"column":5},"end":{"line":126,"column":6}},"58":{"start":{"line":125,"column":2},"end":{"line":125,"column":11}},"59":{"start":{"line":127,"column":5},"end":{"line":127,"column":35}},"60":{"start":{"line":131,"column":4},"end":{"line":160,"column":6}},"61":{"start":{"line":133,"column":1},"end":{"line":133,"column":50}},"62":{"start":{"line":135,"column":1},"end":{"line":159,"column":2}},"63":{"start":{"line":137,"column":5},"end":{"line":158,"column":6}},"64":{"start":{"line":139,"column":2},"end":{"line":139,"column":19}},"65":{"start":{"line":140,"column":2},"end":{"line":140,"column":19}},"66":{"start":{"line":142,"column":2},"end":{"line":144,"column":3}},"67":{"start":{"line":143,"column":6},"end":{"line":143,"column":15}},"68":{"start":{"line":146,"column":2},"end":{"line":157,"column":3}},"69":{"start":{"line":148,"column":6},"end":{"line":156,"column":7}},"70":{"start":{"line":150,"column":3},"end":{"line":155,"column":4}},"71":{"start":{"line":152,"column":7},"end":{"line":152,"column":41}},"72":{"start":{"line":154,"column":7},"end":{"line":154,"column":42}},"73":{"start":{"line":162,"column":4},"end":{"line":175,"column":6}},"74":{"start":{"line":164,"column":1},"end":{"line":164,"column":49}},"75":{"start":{"line":166,"column":1},"end":{"line":169,"column":2}},"76":{"start":{"line":167,"column":5},"end":{"line":167,"column":50}},"77":{"start":{"line":168,"column":5},"end":{"line":168,"column":69}},"78":{"start":{"line":171,"column":1},"end":{"line":174,"column":2}},"79":{"start":{"line":172,"column":5},"end":{"line":172,"column":50}},"80":{"start":{"line":173,"column":5},"end":{"line":173,"column":69}},"81":{"start":{"line":177,"column":4},"end":{"line":212,"column":6}},"82":{"start":{"line":179,"column":1},"end":{"line":179,"column":52}},"83":{"start":{"line":180,"column":1},"end":{"line":180,"column":40}},"84":{"start":{"line":183,"column":1},"end":{"line":194,"column":2}},"85":{"start":{"line":185,"column":5},"end":{"line":185,"column":50}},"86":{"start":{"line":187,"column":5},"end":{"line":193,"column":6}},"87":{"start":{"line":188,"column":2},"end":{"line":188,"column":23}},"88":{"start":{"line":189,"column":12},"end":{"line":193,"column":6}},"89":{"start":{"line":190,"column":2},"end":{"line":190,"column":27}},"90":{"start":{"line":192,"column":2},"end":{"line":192,"column":43}},"91":{"start":{"line":197,"column":1},"end":{"line":208,"column":2}},"92":{"start":{"line":199,"column":5},"end":{"line":199,"column":50}},"93":{"start":{"line":201,"column":5},"end":{"line":207,"column":6}},"94":{"start":{"line":202,"column":2},"end":{"line":202,"column":42}},"95":{"start":{"line":203,"column":12},"end":{"line":207,"column":6}},"96":{"start":{"line":204,"column":2},"end":{"line":204,"column":36}},"97":{"start":{"line":206,"column":2},"end":{"line":206,"column":32}},"98":{"start":{"line":211,"column":1},"end":{"line":211,"column":41}},"99":{"start":{"line":214,"column":4},"end":{"line":263,"column":6}},"100":{"start":{"line":216,"column":1},"end":{"line":216,"column":14}},"101":{"start":{"line":217,"column":1},"end":{"line":217,"column":28}},"102":{"start":{"line":218,"column":1},"end":{"line":218,"column":18}},"103":{"start":{"line":219,"column":1},"end":{"line":219,"column":19}},"104":{"start":{"line":220,"column":1},"end":{"line":220,"column":52}},"105":{"start":{"line":222,"column":1},"end":{"line":262,"column":2}},"106":{"start":{"line":224,"column":5},"end":{"line":224,"column":28}},"107":{"start":{"line":224,"column":19},"end":{"line":224,"column":28}},"108":{"start":{"line":226,"column":5},"end":{"line":261,"column":6}},"109":{"start":{"line":228,"column":2},"end":{"line":252,"column":3}},"110":{"start":{"line":230,"column":6},"end":{"line":251,"column":7}},"111":{"start":{"line":232,"column":3},"end":{"line":232,"column":20}},"112":{"start":{"line":234,"column":3},"end":{"line":236,"column":4}},"113":{"start":{"line":235,"column":7},"end":{"line":235,"column":60}},"114":{"start":{"line":238,"column":3},"end":{"line":238,"column":37}},"115":{"start":{"line":240,"column":3},"end":{"line":242,"column":4}},"116":{"start":{"line":241,"column":7},"end":{"line":241,"column":20}},"117":{"start":{"line":244,"column":3},"end":{"line":244,"column":33}},"118":{"start":{"line":245,"column":3},"end":{"line":245,"column":17}},"119":{"start":{"line":247,"column":3},"end":{"line":250,"column":4}},"120":{"start":{"line":248,"column":7},"end":{"line":248,"column":22}},"121":{"start":{"line":249,"column":7},"end":{"line":249,"column":20}},"122":{"start":{"line":254,"column":2},"end":{"line":254,"column":13}},"123":{"start":{"line":256,"column":2},"end":{"line":260,"column":3}},"124":{"start":{"line":257,"column":6},"end":{"line":257,"column":17}},"125":{"start":{"line":258,"column":6},"end":{"line":258,"column":17}},"126":{"start":{"line":259,"column":6},"end":{"line":259,"column":12}},"127":{"start":{"line":265,"column":4},"end":{"line":328,"column":6}},"128":{"start":{"line":267,"column":1},"end":{"line":267,"column":16}},"129":{"start":{"line":269,"column":1},"end":{"line":269,"column":20}},"130":{"start":{"line":270,"column":1},"end":{"line":270,"column":20}},"131":{"start":{"line":272,"column":1},"end":{"line":272,"column":41}},"132":{"start":{"line":273,"column":1},"end":{"line":273,"column":41}},"133":{"start":{"line":275,"column":1},"end":{"line":299,"column":2}},"134":{"start":{"line":277,"column":5},"end":{"line":277,"column":41}},"135":{"start":{"line":278,"column":5},"end":{"line":278,"column":52}},"136":{"start":{"line":280,"column":5},"end":{"line":280,"column":48}},"137":{"start":{"line":281,"column":5},"end":{"line":281,"column":48}},"138":{"start":{"line":283,"column":5},"end":{"line":283,"column":36}},"139":{"start":{"line":285,"column":5},"end":{"line":287,"column":6}},"140":{"start":{"line":286,"column":2},"end":{"line":286,"column":55}},"141":{"start":{"line":288,"column":5},"end":{"line":288,"column":23}},"142":{"start":{"line":290,"column":5},"end":{"line":290,"column":60}},"143":{"start":{"line":291,"column":5},"end":{"line":291,"column":67}},"144":{"start":{"line":293,"column":5},"end":{"line":293,"column":39}},"145":{"start":{"line":294,"column":5},"end":{"line":294,"column":51}},"146":{"start":{"line":295,"column":5},"end":{"line":298,"column":6}},"147":{"start":{"line":296,"column":2},"end":{"line":296,"column":60}},"148":{"start":{"line":297,"column":2},"end":{"line":297,"column":62}},"149":{"start":{"line":301,"column":1},"end":{"line":301,"column":24}},"150":{"start":{"line":302,"column":1},"end":{"line":304,"column":2}},"151":{"start":{"line":303,"column":5},"end":{"line":303,"column":46}},"152":{"start":{"line":306,"column":1},"end":{"line":306,"column":38}},"153":{"start":{"line":307,"column":1},"end":{"line":307,"column":15}},"154":{"start":{"line":309,"column":1},"end":{"line":316,"column":2}},"155":{"start":{"line":310,"column":5},"end":{"line":315,"column":6}},"156":{"start":{"line":311,"column":2},"end":{"line":314,"column":3}},"157":{"start":{"line":312,"column":6},"end":{"line":312,"column":33}},"158":{"start":{"line":313,"column":6},"end":{"line":313,"column":17}},"159":{"start":{"line":318,"column":1},"end":{"line":325,"column":2}},"160":{"start":{"line":319,"column":5},"end":{"line":324,"column":6}},"161":{"start":{"line":320,"column":2},"end":{"line":323,"column":3}},"162":{"start":{"line":321,"column":6},"end":{"line":321,"column":33}},"163":{"start":{"line":322,"column":6},"end":{"line":322,"column":17}},"164":{"start":{"line":327,"column":1},"end":{"line":327,"column":13}},"165":{"start":{"line":330,"column":4},"end":{"line":382,"column":6}},"166":{"start":{"line":332,"column":1},"end":{"line":332,"column":69}},"167":{"start":{"line":334,"column":1},"end":{"line":334,"column":28}},"168":{"start":{"line":336,"column":1},"end":{"line":341,"column":2}},"169":{"start":{"line":337,"column":5},"end":{"line":337,"column":28}},"170":{"start":{"line":338,"column":5},"end":{"line":338,"column":35}},"171":{"start":{"line":339,"column":5},"end":{"line":339,"column":87}},"172":{"start":{"line":340,"column":5},"end":{"line":340,"column":24}},"173":{"start":{"line":344,"column":1},"end":{"line":344,"column":24}},"174":{"start":{"line":345,"column":1},"end":{"line":347,"column":2}},"175":{"start":{"line":346,"column":5},"end":{"line":346,"column":45}},"176":{"start":{"line":349,"column":1},"end":{"line":355,"column":2}},"177":{"start":{"line":350,"column":5},"end":{"line":354,"column":14}},"178":{"start":{"line":358,"column":1},"end":{"line":360,"column":2}},"179":{"start":{"line":359,"column":5},"end":{"line":359,"column":22}},"180":{"start":{"line":363,"column":1},"end":{"line":365,"column":2}},"181":{"start":{"line":364,"column":5},"end":{"line":364,"column":26}},"182":{"start":{"line":368,"column":1},"end":{"line":379,"column":2}},"183":{"start":{"line":370,"column":5},"end":{"line":372,"column":6}},"184":{"start":{"line":371,"column":2},"end":{"line":371,"column":8}},"185":{"start":{"line":373,"column":5},"end":{"line":373,"column":25}},"186":{"start":{"line":375,"column":5},"end":{"line":377,"column":6}},"187":{"start":{"line":376,"column":2},"end":{"line":376,"column":8}},"188":{"start":{"line":378,"column":5},"end":{"line":378,"column":25}},"189":{"start":{"line":381,"column":1},"end":{"line":381,"column":38}},"190":{"start":{"line":384,"column":4},"end":{"line":388,"column":6}},"191":{"start":{"line":385,"column":1},"end":{"line":385,"column":32}},"192":{"start":{"line":386,"column":1},"end":{"line":386,"column":25}},"193":{"start":{"line":387,"column":1},"end":{"line":387,"column":19}},"194":{"start":{"line":390,"column":4},"end":{"line":395,"column":6}},"195":{"start":{"line":391,"column":1},"end":{"line":393,"column":2}},"196":{"start":{"line":392,"column":5},"end":{"line":392,"column":38}},"197":{"start":{"line":394,"column":1},"end":{"line":394,"column":27}},"198":{"start":{"line":397,"column":4},"end":{"line":399,"column":6}},"199":{"start":{"line":398,"column":1},"end":{"line":398,"column":21}},"200":{"start":{"line":401,"column":4},"end":{"line":403,"column":6}},"201":{"start":{"line":402,"column":1},"end":{"line":402,"column":40}},"202":{"start":{"line":405,"column":4},"end":{"line":443,"column":6}},"203":{"start":{"line":407,"column":1},"end":{"line":407,"column":26}},"204":{"start":{"line":408,"column":1},"end":{"line":408,"column":64}},"205":{"start":{"line":410,"column":1},"end":{"line":410,"column":17}},"206":{"start":{"line":412,"column":1},"end":{"line":412,"column":28}},"207":{"start":{"line":413,"column":1},"end":{"line":413,"column":53}},"208":{"start":{"line":414,"column":1},"end":{"line":414,"column":41}},"209":{"start":{"line":415,"column":1},"end":{"line":415,"column":54}},"210":{"start":{"line":416,"column":1},"end":{"line":416,"column":16}},"211":{"start":{"line":417,"column":1},"end":{"line":417,"column":21}},"212":{"start":{"line":419,"column":1},"end":{"line":437,"column":2}},"213":{"start":{"line":421,"column":5},"end":{"line":421,"column":22}},"214":{"start":{"line":423,"column":5},"end":{"line":434,"column":6}},"215":{"start":{"line":424,"column":2},"end":{"line":424,"column":26}},"216":{"start":{"line":425,"column":2},"end":{"line":425,"column":54}},"217":{"start":{"line":426,"column":2},"end":{"line":426,"column":42}},"218":{"start":{"line":427,"column":2},"end":{"line":427,"column":42}},"219":{"start":{"line":428,"column":2},"end":{"line":428,"column":42}},"220":{"start":{"line":429,"column":2},"end":{"line":429,"column":43}},"221":{"start":{"line":430,"column":2},"end":{"line":430,"column":34}},"222":{"start":{"line":431,"column":2},"end":{"line":431,"column":54}},"223":{"start":{"line":432,"column":2},"end":{"line":432,"column":16}},"224":{"start":{"line":433,"column":2},"end":{"line":433,"column":18}},"225":{"start":{"line":436,"column":5},"end":{"line":436,"column":23}},"226":{"start":{"line":439,"column":1},"end":{"line":439,"column":22}},"227":{"start":{"line":440,"column":1},"end":{"line":440,"column":22}},"228":{"start":{"line":442,"column":1},"end":{"line":442,"column":15}},"229":{"start":{"line":445,"column":4},"end":{"line":462,"column":6}},"230":{"start":{"line":447,"column":1},"end":{"line":447,"column":26}},"231":{"start":{"line":448,"column":1},"end":{"line":448,"column":64}},"232":{"start":{"line":450,"column":1},"end":{"line":450,"column":18}},"233":{"start":{"line":451,"column":1},"end":{"line":451,"column":54}},"234":{"start":{"line":453,"column":1},"end":{"line":461,"column":5}},"235":{"start":{"line":454,"column":5},"end":{"line":460,"column":6}},"236":{"start":{"line":455,"column":2},"end":{"line":455,"column":44}},"237":{"start":{"line":456,"column":2},"end":{"line":456,"column":44}},"238":{"start":{"line":457,"column":2},"end":{"line":457,"column":35}},"239":{"start":{"line":459,"column":2},"end":{"line":459,"column":11}},"240":{"start":{"line":464,"column":4},"end":{"line":464,"column":17}},"241":{"start":{"line":471,"column":0},"end":{"line":478,"column":2}},"242":{"start":{"line":472,"column":4},"end":{"line":472,"column":28}},"243":{"start":{"line":473,"column":4},"end":{"line":476,"column":5}},"244":{"start":{"line":474,"column":1},"end":{"line":474,"column":25}},"245":{"start":{"line":475,"column":1},"end":{"line":475,"column":22}},"246":{"start":{"line":477,"column":4},"end":{"line":477,"column":17}},"247":{"start":{"line":489,"column":0},"end":{"line":548,"column":2}},"248":{"start":{"line":493,"column":4},"end":{"line":520,"column":8}},"249":{"start":{"line":495,"column":1},"end":{"line":495,"column":48}},"250":{"start":{"line":496,"column":1},"end":{"line":500,"column":3}},"251":{"start":{"line":497,"column":5},"end":{"line":497,"column":24}},"252":{"start":{"line":498,"column":5},"end":{"line":498,"column":36}},"253":{"start":{"line":498,"column":18},"end":{"line":498,"column":36}},"254":{"start":{"line":499,"column":5},"end":{"line":499,"column":14}},"255":{"start":{"line":502,"column":1},"end":{"line":502,"column":15}},"256":{"start":{"line":503,"column":1},"end":{"line":503,"column":21}},"257":{"start":{"line":504,"column":1},"end":{"line":514,"column":2}},"258":{"start":{"line":505,"column":5},"end":{"line":505,"column":25}},"259":{"start":{"line":506,"column":5},"end":{"line":506,"column":25}},"260":{"start":{"line":506,"column":19},"end":{"line":506,"column":25}},"261":{"start":{"line":507,"column":5},"end":{"line":507,"column":21}},"262":{"start":{"line":508,"column":5},"end":{"line":508,"column":21}},"263":{"start":{"line":509,"column":5},"end":{"line":509,"column":21}},"264":{"start":{"line":510,"column":5},"end":{"line":510,"column":50}},"265":{"start":{"line":511,"column":5},"end":{"line":511,"column":28}},"266":{"start":{"line":512,"column":5},"end":{"line":512,"column":23}},"267":{"start":{"line":513,"column":5},"end":{"line":513,"column":16}},"268":{"start":{"line":515,"column":1},"end":{"line":517,"column":2}},"269":{"start":{"line":516,"column":5},"end":{"line":516,"column":48}},"270":{"start":{"line":519,"column":1},"end":{"line":519,"column":19}},"271":{"start":{"line":522,"column":4},"end":{"line":522,"column":40}},"272":{"start":{"line":524,"column":4},"end":{"line":547,"column":6}},"273":{"start":{"line":525,"column":1},"end":{"line":525,"column":25}},"274":{"start":{"line":526,"column":1},"end":{"line":545,"column":2}},"275":{"start":{"line":527,"column":5},"end":{"line":527,"column":29}},"276":{"start":{"line":528,"column":5},"end":{"line":544,"column":6}},"277":{"start":{"line":529,"column":2},"end":{"line":529,"column":16}},"278":{"start":{"line":531,"column":2},"end":{"line":531,"column":34}},"279":{"start":{"line":532,"column":2},"end":{"line":543,"column":3}},"280":{"start":{"line":533,"column":6},"end":{"line":540,"column":7}},"281":{"start":{"line":535,"column":3},"end":{"line":535,"column":17}},"282":{"start":{"line":538,"column":3},"end":{"line":538,"column":23}},"283":{"start":{"line":539,"column":3},"end":{"line":539,"column":24}},"284":{"start":{"line":542,"column":6},"end":{"line":542,"column":30}},"285":{"start":{"line":546,"column":1},"end":{"line":546,"column":14}},"286":{"start":{"line":554,"column":0},"end":{"line":559,"column":2}},"287":{"start":{"line":565,"column":0},"end":{"line":570,"column":2}},"288":{"start":{"line":576,"column":0},"end":{"line":585,"column":2}},"289":{"start":{"line":591,"column":0},"end":{"line":856,"column":4}},"290":{"start":{"line":593,"column":4},"end":{"line":634,"column":6}},"291":{"start":{"line":635,"column":4},"end":{"line":635,"column":90}},"292":{"start":{"line":636,"column":4},"end":{"line":636,"column":103}},"293":{"start":{"line":637,"column":4},"end":{"line":637,"column":75}},"294":{"start":{"line":639,"column":4},"end":{"line":639,"column":19}},"295":{"start":{"line":641,"column":4},"end":{"line":648,"column":6}},"296":{"start":{"line":642,"column":1},"end":{"line":642,"column":15}},"297":{"start":{"line":643,"column":1},"end":{"line":646,"column":2}},"298":{"start":{"line":644,"column":5},"end":{"line":644,"column":16}},"299":{"start":{"line":645,"column":5},"end":{"line":645,"column":17}},"300":{"start":{"line":647,"column":1},"end":{"line":647,"column":14}},"301":{"start":{"line":650,"column":4},"end":{"line":656,"column":6}},"302":{"start":{"line":651,"column":1},"end":{"line":651,"column":20}},"303":{"start":{"line":652,"column":1},"end":{"line":654,"column":2}},"304":{"start":{"line":653,"column":5},"end":{"line":653,"column":57}},"305":{"start":{"line":655,"column":1},"end":{"line":655,"column":39}},"306":{"start":{"line":658,"column":4},"end":{"line":664,"column":6}},"307":{"start":{"line":659,"column":1},"end":{"line":659,"column":20}},"308":{"start":{"line":660,"column":1},"end":{"line":662,"column":2}},"309":{"start":{"line":661,"column":5},"end":{"line":661,"column":57}},"310":{"start":{"line":663,"column":1},"end":{"line":663,"column":25}},"311":{"start":{"line":666,"column":4},"end":{"line":668,"column":6}},"312":{"start":{"line":667,"column":1},"end":{"line":667,"column":47}},"313":{"start":{"line":670,"column":4},"end":{"line":694,"column":6}},"314":{"start":{"line":672,"column":1},"end":{"line":693,"column":2}},"315":{"start":{"line":675,"column":2},"end":{"line":675,"column":53}},"316":{"start":{"line":675,"column":26},"end":{"line":675,"column":50}},"317":{"start":{"line":677,"column":2},"end":{"line":677,"column":47}},"318":{"start":{"line":677,"column":26},"end":{"line":677,"column":44}},"319":{"start":{"line":679,"column":2},"end":{"line":679,"column":47}},"320":{"start":{"line":679,"column":26},"end":{"line":679,"column":44}},"321":{"start":{"line":681,"column":2},"end":{"line":681,"column":53}},"322":{"start":{"line":681,"column":26},"end":{"line":681,"column":50}},"323":{"start":{"line":683,"column":2},"end":{"line":683,"column":86}},"324":{"start":{"line":683,"column":26},"end":{"line":683,"column":83}},"325":{"start":{"line":685,"column":2},"end":{"line":685,"column":67}},"326":{"start":{"line":685,"column":26},"end":{"line":685,"column":64}},"327":{"start":{"line":687,"column":2},"end":{"line":687,"column":74}},"328":{"start":{"line":687,"column":26},"end":{"line":687,"column":71}},"329":{"start":{"line":689,"column":2},"end":{"line":689,"column":74}},"330":{"start":{"line":689,"column":26},"end":{"line":689,"column":71}},"331":{"start":{"line":692,"column":2},"end":{"line":692,"column":52}},"332":{"start":{"line":696,"column":4},"end":{"line":702,"column":6}},"333":{"start":{"line":697,"column":1},"end":{"line":697,"column":30}},"334":{"start":{"line":698,"column":1},"end":{"line":700,"column":2}},"335":{"start":{"line":699,"column":5},"end":{"line":699,"column":59}},"336":{"start":{"line":701,"column":1},"end":{"line":701,"column":10}},"337":{"start":{"line":704,"column":4},"end":{"line":748,"column":6}},"338":{"start":{"line":706,"column":1},"end":{"line":747,"column":2}},"339":{"start":{"line":710,"column":5},"end":{"line":717,"column":6}},"340":{"start":{"line":711,"column":29},"end":{"line":711,"column":39}},"341":{"start":{"line":712,"column":32},"end":{"line":712,"column":41}},"342":{"start":{"line":713,"column":31},"end":{"line":713,"column":40}},"343":{"start":{"line":714,"column":28},"end":{"line":714,"column":37}},"344":{"start":{"line":716,"column":6},"end":{"line":716,"column":38}},"345":{"start":{"line":719,"column":8},"end":{"line":747,"column":2}},"346":{"start":{"line":723,"column":5},"end":{"line":730,"column":6}},"347":{"start":{"line":724,"column":29},"end":{"line":724,"column":39}},"348":{"start":{"line":725,"column":32},"end":{"line":725,"column":42}},"349":{"start":{"line":726,"column":31},"end":{"line":726,"column":41}},"350":{"start":{"line":727,"column":28},"end":{"line":727,"column":38}},"351":{"start":{"line":729,"column":6},"end":{"line":729,"column":38}},"352":{"start":{"line":732,"column":8},"end":{"line":747,"column":2}},"353":{"start":{"line":736,"column":5},"end":{"line":743,"column":6}},"354":{"start":{"line":737,"column":29},"end":{"line":737,"column":39}},"355":{"start":{"line":738,"column":31},"end":{"line":738,"column":41}},"356":{"start":{"line":739,"column":31},"end":{"line":739,"column":41}},"357":{"start":{"line":740,"column":28},"end":{"line":740,"column":38}},"358":{"start":{"line":742,"column":6},"end":{"line":742,"column":38}},"359":{"start":{"line":746,"column":5},"end":{"line":746,"column":37}},"360":{"start":{"line":750,"column":4},"end":{"line":853,"column":6}},"361":{"start":{"line":752,"column":1},"end":{"line":752,"column":43}},"362":{"start":{"line":754,"column":1},"end":{"line":754,"column":19}},"363":{"start":{"line":758,"column":1},"end":{"line":790,"column":2}},"364":{"start":{"line":759,"column":5},"end":{"line":789,"column":6}},"365":{"start":{"line":761,"column":2},"end":{"line":761,"column":20}},"366":{"start":{"line":762,"column":2},"end":{"line":762,"column":37}},"367":{"start":{"line":764,"column":2},"end":{"line":784,"column":3}},"368":{"start":{"line":766,"column":6},"end":{"line":768,"column":7}},"369":{"start":{"line":767,"column":3},"end":{"line":767,"column":12}},"370":{"start":{"line":770,"column":6},"end":{"line":783,"column":7}},"371":{"start":{"line":772,"column":3},"end":{"line":774,"column":4}},"372":{"start":{"line":773,"column":7},"end":{"line":773,"column":16}},"373":{"start":{"line":776,"column":3},"end":{"line":778,"column":4}},"374":{"start":{"line":777,"column":7},"end":{"line":777,"column":16}},"375":{"start":{"line":780,"column":3},"end":{"line":782,"column":4}},"376":{"start":{"line":781,"column":7},"end":{"line":781,"column":22}},"377":{"start":{"line":786,"column":2},"end":{"line":788,"column":3}},"378":{"start":{"line":787,"column":6},"end":{"line":787,"column":39}},"379":{"start":{"line":794,"column":1},"end":{"line":805,"column":2}},"380":{"start":{"line":795,"column":5},"end":{"line":804,"column":6}},"381":{"start":{"line":796,"column":2},"end":{"line":796,"column":16}},"382":{"start":{"line":797,"column":2},"end":{"line":797,"column":43}},"383":{"start":{"line":797,"column":32},"end":{"line":797,"column":43}},"384":{"start":{"line":798,"column":2},"end":{"line":798,"column":47}},"385":{"start":{"line":798,"column":36},"end":{"line":798,"column":47}},"386":{"start":{"line":799,"column":2},"end":{"line":799,"column":47}},"387":{"start":{"line":799,"column":36},"end":{"line":799,"column":47}},"388":{"start":{"line":800,"column":2},"end":{"line":800,"column":51}},"389":{"start":{"line":800,"column":40},"end":{"line":800,"column":51}},"390":{"start":{"line":801,"column":2},"end":{"line":803,"column":3}},"391":{"start":{"line":802,"column":6},"end":{"line":802,"column":21}},"392":{"start":{"line":809,"column":1},"end":{"line":821,"column":2}},"393":{"start":{"line":810,"column":5},"end":{"line":820,"column":6}},"394":{"start":{"line":811,"column":2},"end":{"line":819,"column":3}},"395":{"start":{"line":818,"column":6},"end":{"line":818,"column":22}},"396":{"start":{"line":823,"column":1},"end":{"line":835,"column":2}},"397":{"start":{"line":824,"column":5},"end":{"line":834,"column":6}},"398":{"start":{"line":825,"column":2},"end":{"line":833,"column":3}},"399":{"start":{"line":832,"column":6},"end":{"line":832,"column":22}},"400":{"start":{"line":839,"column":1},"end":{"line":839,"column":19}},"401":{"start":{"line":841,"column":1},"end":{"line":847,"column":2}},"402":{"start":{"line":842,"column":5},"end":{"line":846,"column":6}},"403":{"start":{"line":843,"column":2},"end":{"line":845,"column":3}},"404":{"start":{"line":844,"column":6},"end":{"line":844,"column":21}},"405":{"start":{"line":849,"column":1},"end":{"line":849,"column":76}},"406":{"start":{"line":850,"column":1},"end":{"line":850,"column":25}},"407":{"start":{"line":852,"column":1},"end":{"line":852,"column":18}},"408":{"start":{"line":855,"column":4},"end":{"line":855,"column":17}},"409":{"start":{"line":862,"column":0},"end":{"line":906,"column":4}},"410":{"start":{"line":864,"column":4},"end":{"line":864,"column":35}},"411":{"start":{"line":865,"column":4},"end":{"line":865,"column":35}},"412":{"start":{"line":868,"column":4},"end":{"line":870,"column":5}},"413":{"start":{"line":869,"column":1},"end":{"line":869,"column":23}},"414":{"start":{"line":871,"column":4},"end":{"line":876,"column":5}},"415":{"start":{"line":872,"column":1},"end":{"line":875,"column":24}},"416":{"start":{"line":877,"column":4},"end":{"line":879,"column":5}},"417":{"start":{"line":878,"column":1},"end":{"line":878,"column":30}},"418":{"start":{"line":881,"column":4},"end":{"line":881,"column":19}},"419":{"start":{"line":883,"column":4},"end":{"line":890,"column":6}},"420":{"start":{"line":885,"column":1},"end":{"line":887,"column":2}},"421":{"start":{"line":886,"column":5},"end":{"line":886,"column":40}},"422":{"start":{"line":889,"column":1},"end":{"line":889,"column":21}},"423":{"start":{"line":892,"column":4},"end":{"line":903,"column":6}},"424":{"start":{"line":894,"column":1},"end":{"line":896,"column":2}},"425":{"start":{"line":895,"column":5},"end":{"line":895,"column":14}},"426":{"start":{"line":898,"column":1},"end":{"line":900,"column":2}},"427":{"start":{"line":899,"column":5},"end":{"line":899,"column":14}},"428":{"start":{"line":902,"column":1},"end":{"line":902,"column":21}},"429":{"start":{"line":905,"column":4},"end":{"line":905,"column":17}},"430":{"start":{"line":912,"column":0},"end":{"line":975,"column":1}},"431":{"start":{"line":914,"column":4},"end":{"line":916,"column":5}},"432":{"start":{"line":915,"column":1},"end":{"line":915,"column":43}},"433":{"start":{"line":918,"column":4},"end":{"line":928,"column":8}},"434":{"start":{"line":919,"column":1},"end":{"line":919,"column":16}},"435":{"start":{"line":920,"column":1},"end":{"line":922,"column":2}},"436":{"start":{"line":921,"column":5},"end":{"line":921,"column":17}},"437":{"start":{"line":923,"column":1},"end":{"line":923,"column":51}},"438":{"start":{"line":924,"column":1},"end":{"line":926,"column":2}},"439":{"start":{"line":925,"column":5},"end":{"line":925,"column":31}},"440":{"start":{"line":927,"column":1},"end":{"line":927,"column":13}},"441":{"start":{"line":930,"column":4},"end":{"line":930,"column":19}},"442":{"start":{"line":932,"column":4},"end":{"line":934,"column":6}},"443":{"start":{"line":933,"column":1},"end":{"line":933,"column":20}},"444":{"start":{"line":936,"column":4},"end":{"line":938,"column":6}},"445":{"start":{"line":937,"column":1},"end":{"line":937,"column":20}},"446":{"start":{"line":940,"column":4},"end":{"line":951,"column":6}},"447":{"start":{"line":942,"column":1},"end":{"line":942,"column":60}},"448":{"start":{"line":944,"column":1},"end":{"line":948,"column":2}},"449":{"start":{"line":945,"column":5},"end":{"line":947,"column":6}},"450":{"start":{"line":946,"column":2},"end":{"line":946,"column":86}},"451":{"start":{"line":950,"column":1},"end":{"line":950,"column":29}},"452":{"start":{"line":953,"column":4},"end":{"line":972,"column":6}},"453":{"start":{"line":955,"column":1},"end":{"line":957,"column":2}},"454":{"start":{"line":956,"column":5},"end":{"line":956,"column":18}},"455":{"start":{"line":959,"column":1},"end":{"line":959,"column":69}},"456":{"start":{"line":961,"column":1},"end":{"line":961,"column":41}},"457":{"start":{"line":962,"column":1},"end":{"line":964,"column":2}},"458":{"start":{"line":963,"column":5},"end":{"line":963,"column":29}},"459":{"start":{"line":966,"column":1},"end":{"line":968,"column":2}},"460":{"start":{"line":967,"column":5},"end":{"line":967,"column":61}},"461":{"start":{"line":971,"column":1},"end":{"line":971,"column":36}},"462":{"start":{"line":974,"column":4},"end":{"line":974,"column":17}},"463":{"start":{"line":981,"column":0},"end":{"line":1040,"column":4}},"464":{"start":{"line":985,"column":4},"end":{"line":985,"column":2876}},"465":{"start":{"line":987,"column":4},"end":{"line":992,"column":6}},"466":{"start":{"line":988,"column":1},"end":{"line":988,"column":16}},"467":{"start":{"line":989,"column":1},"end":{"line":989,"column":31}},"468":{"start":{"line":990,"column":1},"end":{"line":990,"column":29}},"469":{"start":{"line":991,"column":1},"end":{"line":991,"column":14}},"470":{"start":{"line":994,"column":4},"end":{"line":994,"column":19}},"471":{"start":{"line":996,"column":4},"end":{"line":1010,"column":6}},"472":{"start":{"line":998,"column":1},"end":{"line":1009,"column":2}},"473":{"start":{"line":1000,"column":2},"end":{"line":1000,"column":50}},"474":{"start":{"line":1002,"column":2},"end":{"line":1002,"column":50}},"475":{"start":{"line":1004,"column":2},"end":{"line":1004,"column":50}},"476":{"start":{"line":1006,"column":2},"end":{"line":1006,"column":50}},"477":{"start":{"line":1008,"column":2},"end":{"line":1008,"column":19}},"478":{"start":{"line":1012,"column":4},"end":{"line":1037,"column":6}},"479":{"start":{"line":1014,"column":1},"end":{"line":1014,"column":62}},"480":{"start":{"line":1016,"column":1},"end":{"line":1019,"column":2}},"481":{"start":{"line":1017,"column":5},"end":{"line":1018,"column":50}},"482":{"start":{"line":1021,"column":1},"end":{"line":1021,"column":33}},"483":{"start":{"line":1023,"column":1},"end":{"line":1023,"column":24}},"484":{"start":{"line":1025,"column":1},"end":{"line":1034,"column":2}},"485":{"start":{"line":1027,"column":5},"end":{"line":1027,"column":36}},"486":{"start":{"line":1028,"column":5},"end":{"line":1028,"column":41}},"487":{"start":{"line":1029,"column":5},"end":{"line":1029,"column":40}},"488":{"start":{"line":1031,"column":5},"end":{"line":1033,"column":6}},"489":{"start":{"line":1032,"column":2},"end":{"line":1032,"column":47}},"490":{"start":{"line":1036,"column":1},"end":{"line":1036,"column":13}},"491":{"start":{"line":1039,"column":4},"end":{"line":1039,"column":17}},"492":{"start":{"line":1046,"column":0},"end":{"line":1087,"column":2}},"493":{"start":{"line":1048,"column":4},"end":{"line":1048,"column":30}},"494":{"start":{"line":1049,"column":4},"end":{"line":1049,"column":20}},"495":{"start":{"line":1051,"column":4},"end":{"line":1051,"column":19}},"496":{"start":{"line":1053,"column":4},"end":{"line":1055,"column":6}},"497":{"start":{"line":1054,"column":1},"end":{"line":1054,"column":16}},"498":{"start":{"line":1057,"column":4},"end":{"line":1060,"column":6}},"499":{"start":{"line":1058,"column":1},"end":{"line":1058,"column":38}},"500":{"start":{"line":1059,"column":1},"end":{"line":1059,"column":61}},"501":{"start":{"line":1062,"column":4},"end":{"line":1066,"column":6}},"502":{"start":{"line":1063,"column":1},"end":{"line":1065,"column":2}},"503":{"start":{"line":1064,"column":5},"end":{"line":1064,"column":60}},"504":{"start":{"line":1068,"column":4},"end":{"line":1070,"column":6}},"505":{"start":{"line":1069,"column":1},"end":{"line":1069,"column":16}},"506":{"start":{"line":1072,"column":4},"end":{"line":1084,"column":6}},"507":{"start":{"line":1074,"column":1},"end":{"line":1074,"column":40}},"508":{"start":{"line":1075,"column":1},"end":{"line":1077,"column":2}},"509":{"start":{"line":1076,"column":5},"end":{"line":1076,"column":21}},"510":{"start":{"line":1079,"column":1},"end":{"line":1081,"column":2}},"511":{"start":{"line":1080,"column":5},"end":{"line":1080,"column":52}},"512":{"start":{"line":1083,"column":1},"end":{"line":1083,"column":14}},"513":{"start":{"line":1086,"column":4},"end":{"line":1086,"column":17}},"514":{"start":{"line":1093,"column":0},"end":{"line":1152,"column":2}},"515":{"start":{"line":1095,"column":4},"end":{"line":1095,"column":38}},"516":{"start":{"line":1096,"column":4},"end":{"line":1096,"column":21}},"517":{"start":{"line":1097,"column":4},"end":{"line":1097,"column":25}},"518":{"start":{"line":1099,"column":4},"end":{"line":1099,"column":19}},"519":{"start":{"line":1103,"column":4},"end":{"line":1125,"column":5}},"520":{"start":{"line":1104,"column":1},"end":{"line":1104,"column":20}},"521":{"start":{"line":1105,"column":1},"end":{"line":1105,"column":32}},"522":{"start":{"line":1107,"column":1},"end":{"line":1121,"column":2}},"523":{"start":{"line":1108,"column":5},"end":{"line":1108,"column":54}},"524":{"start":{"line":1109,"column":5},"end":{"line":1109,"column":53}},"525":{"start":{"line":1110,"column":5},"end":{"line":1110,"column":50}},"526":{"start":{"line":1111,"column":5},"end":{"line":1111,"column":41}},"527":{"start":{"line":1112,"column":8},"end":{"line":1121,"column":2}},"528":{"start":{"line":1113,"column":5},"end":{"line":1113,"column":52}},"529":{"start":{"line":1114,"column":5},"end":{"line":1114,"column":50}},"530":{"start":{"line":1115,"column":5},"end":{"line":1115,"column":41}},"531":{"start":{"line":1116,"column":8},"end":{"line":1121,"column":2}},"532":{"start":{"line":1117,"column":5},"end":{"line":1117,"column":50}},"533":{"start":{"line":1118,"column":5},"end":{"line":1118,"column":41}},"534":{"start":{"line":1120,"column":5},"end":{"line":1120,"column":25}},"535":{"start":{"line":1124,"column":8},"end":{"line":1124,"column":36}},"536":{"start":{"line":1127,"column":4},"end":{"line":1127,"column":64}},"537":{"start":{"line":1129,"column":4},"end":{"line":1133,"column":5}},"538":{"start":{"line":1130,"column":1},"end":{"line":1130,"column":26}},"539":{"start":{"line":1131,"column":1},"end":{"line":1131,"column":26}},"540":{"start":{"line":1132,"column":1},"end":{"line":1132,"column":26}},"541":{"start":{"line":1135,"column":4},"end":{"line":1135,"column":29}},"542":{"start":{"line":1137,"column":4},"end":{"line":1139,"column":6}},"543":{"start":{"line":1138,"column":1},"end":{"line":1138,"column":14}},"544":{"start":{"line":1141,"column":4},"end":{"line":1143,"column":6}},"545":{"start":{"line":1142,"column":1},"end":{"line":1142,"column":22}},"546":{"start":{"line":1145,"column":4},"end":{"line":1149,"column":6}},"547":{"start":{"line":1146,"column":1},"end":{"line":1148,"column":2}},"548":{"start":{"line":1147,"column":5},"end":{"line":1147,"column":30}},"549":{"start":{"line":1151,"column":4},"end":{"line":1151,"column":17}},"550":{"start":{"line":1162,"column":0},"end":{"line":1209,"column":2}},"551":{"start":{"line":1164,"column":4},"end":{"line":1164,"column":29}},"552":{"start":{"line":1166,"column":4},"end":{"line":1166,"column":19}},"553":{"start":{"line":1168,"column":4},"end":{"line":1170,"column":6}},"554":{"start":{"line":1169,"column":1},"end":{"line":1169,"column":23}},"555":{"start":{"line":1172,"column":4},"end":{"line":1175,"column":6}},"556":{"start":{"line":1173,"column":1},"end":{"line":1173,"column":20}},"557":{"start":{"line":1174,"column":1},"end":{"line":1174,"column":26}},"558":{"start":{"line":1177,"column":4},"end":{"line":1183,"column":6}},"559":{"start":{"line":1178,"column":1},"end":{"line":1178,"column":16}},"560":{"start":{"line":1179,"column":1},"end":{"line":1179,"column":23}},"561":{"start":{"line":1180,"column":1},"end":{"line":1182,"column":2}},"562":{"start":{"line":1181,"column":5},"end":{"line":1181,"column":33}},"563":{"start":{"line":1185,"column":4},"end":{"line":1189,"column":6}},"564":{"start":{"line":1186,"column":1},"end":{"line":1188,"column":2}},"565":{"start":{"line":1187,"column":5},"end":{"line":1187,"column":39}},"566":{"start":{"line":1191,"column":4},"end":{"line":1193,"column":6}},"567":{"start":{"line":1192,"column":1},"end":{"line":1192,"column":15}},"568":{"start":{"line":1195,"column":4},"end":{"line":1206,"column":6}},"569":{"start":{"line":1196,"column":1},"end":{"line":1196,"column":12}},"570":{"start":{"line":1197,"column":1},"end":{"line":1197,"column":10}},"571":{"start":{"line":1198,"column":1},"end":{"line":1203,"column":2}},"572":{"start":{"line":1199,"column":5},"end":{"line":1201,"column":6}},"573":{"start":{"line":1200,"column":2},"end":{"line":1200,"column":11}},"574":{"start":{"line":1202,"column":5},"end":{"line":1202,"column":20}},"575":{"start":{"line":1204,"column":1},"end":{"line":1204,"column":10}},"576":{"start":{"line":1205,"column":1},"end":{"line":1205,"column":10}},"577":{"start":{"line":1208,"column":4},"end":{"line":1208,"column":17}},"578":{"start":{"line":1215,"column":0},"end":{"line":1279,"column":2}},"579":{"start":{"line":1217,"column":4},"end":{"line":1217,"column":20}},"580":{"start":{"line":1218,"column":4},"end":{"line":1218,"column":20}},"581":{"start":{"line":1219,"column":4},"end":{"line":1219,"column":20}},"582":{"start":{"line":1220,"column":4},"end":{"line":1220,"column":21}},"583":{"start":{"line":1222,"column":4},"end":{"line":1222,"column":19}},"584":{"start":{"line":1224,"column":4},"end":{"line":1226,"column":6}},"585":{"start":{"line":1225,"column":1},"end":{"line":1225,"column":51}},"586":{"start":{"line":1228,"column":4},"end":{"line":1243,"column":6}},"587":{"start":{"line":1229,"column":1},"end":{"line":1241,"column":2}},"588":{"start":{"line":1231,"column":8},"end":{"line":1241,"column":2}},"589":{"start":{"line":1232,"column":5},"end":{"line":1232,"column":21}},"590":{"start":{"line":1233,"column":8},"end":{"line":1241,"column":2}},"591":{"start":{"line":1234,"column":5},"end":{"line":1234,"column":28}},"592":{"start":{"line":1235,"column":8},"end":{"line":1241,"column":2}},"593":{"start":{"line":1236,"column":5},"end":{"line":1236,"column":28}},"594":{"start":{"line":1237,"column":8},"end":{"line":1241,"column":2}},"595":{"start":{"line":1238,"column":5},"end":{"line":1238,"column":17}},"596":{"start":{"line":1239,"column":8},"end":{"line":1241,"column":2}},"597":{"start":{"line":1240,"column":5},"end":{"line":1240,"column":17}},"598":{"start":{"line":1242,"column":1},"end":{"line":1242,"column":27}},"599":{"start":{"line":1245,"column":4},"end":{"line":1255,"column":6}},"600":{"start":{"line":1247,"column":1},"end":{"line":1247,"column":39}},"601":{"start":{"line":1248,"column":1},"end":{"line":1248,"column":14}},"602":{"start":{"line":1249,"column":1},"end":{"line":1249,"column":14}},"603":{"start":{"line":1251,"column":1},"end":{"line":1254,"column":2}},"604":{"start":{"line":1252,"column":5},"end":{"line":1252,"column":46}},"605":{"start":{"line":1253,"column":5},"end":{"line":1253,"column":18}},"606":{"start":{"line":1257,"column":4},"end":{"line":1272,"column":6}},"607":{"start":{"line":1259,"column":1},"end":{"line":1263,"column":2}},"608":{"start":{"line":1260,"column":5},"end":{"line":1260,"column":45}},"609":{"start":{"line":1261,"column":5},"end":{"line":1261,"column":17}},"610":{"start":{"line":1262,"column":5},"end":{"line":1262,"column":17}},"611":{"start":{"line":1265,"column":1},"end":{"line":1271,"column":2}},"612":{"start":{"line":1267,"column":5},"end":{"line":1267,"column":34}},"613":{"start":{"line":1268,"column":5},"end":{"line":1270,"column":6}},"614":{"start":{"line":1269,"column":2},"end":{"line":1269,"column":17}},"615":{"start":{"line":1274,"column":4},"end":{"line":1276,"column":6}},"616":{"start":{"line":1275,"column":1},"end":{"line":1275,"column":16}},"617":{"start":{"line":1278,"column":4},"end":{"line":1278,"column":17}},"618":{"start":{"line":1285,"column":0},"end":{"line":1342,"column":2}},"619":{"start":{"line":1287,"column":4},"end":{"line":1287,"column":19}},"620":{"start":{"line":1288,"column":4},"end":{"line":1288,"column":17}},"621":{"start":{"line":1289,"column":4},"end":{"line":1289,"column":20}},"622":{"start":{"line":1290,"column":4},"end":{"line":1290,"column":20}},"623":{"start":{"line":1292,"column":4},"end":{"line":1292,"column":19}},"624":{"start":{"line":1294,"column":4},"end":{"line":1323,"column":6}},"625":{"start":{"line":1296,"column":1},"end":{"line":1318,"column":2}},"626":{"start":{"line":1298,"column":5},"end":{"line":1303,"column":6}},"627":{"start":{"line":1299,"column":2},"end":{"line":1301,"column":3}},"628":{"start":{"line":1300,"column":6},"end":{"line":1300,"column":16}},"629":{"start":{"line":1302,"column":2},"end":{"line":1302,"column":56}},"630":{"start":{"line":1305,"column":5},"end":{"line":1305,"column":31}},"631":{"start":{"line":1306,"column":5},"end":{"line":1306,"column":15}},"632":{"start":{"line":1308,"column":5},"end":{"line":1314,"column":6}},"633":{"start":{"line":1309,"column":2},"end":{"line":1309,"column":14}},"634":{"start":{"line":1310,"column":2},"end":{"line":1310,"column":12}},"635":{"start":{"line":1311,"column":12},"end":{"line":1314,"column":6}},"636":{"start":{"line":1313,"column":2},"end":{"line":1313,"column":11}},"637":{"start":{"line":1316,"column":5},"end":{"line":1316,"column":57}},"638":{"start":{"line":1317,"column":5},"end":{"line":1317,"column":18}},"639":{"start":{"line":1320,"column":1},"end":{"line":1320,"column":45}},"640":{"start":{"line":1321,"column":1},"end":{"line":1321,"column":14}},"641":{"start":{"line":1322,"column":1},"end":{"line":1322,"column":10}},"642":{"start":{"line":1325,"column":4},"end":{"line":1339,"column":6}},"643":{"start":{"line":1326,"column":1},"end":{"line":1338,"column":2}},"644":{"start":{"line":1327,"column":5},"end":{"line":1327,"column":21}},"645":{"start":{"line":1328,"column":8},"end":{"line":1338,"column":2}},"646":{"start":{"line":1329,"column":5},"end":{"line":1329,"column":26}},"647":{"start":{"line":1330,"column":8},"end":{"line":1338,"column":2}},"648":{"start":{"line":1331,"column":5},"end":{"line":1331,"column":26}},"649":{"start":{"line":1332,"column":8},"end":{"line":1338,"column":2}},"650":{"start":{"line":1333,"column":5},"end":{"line":1333,"column":15}},"651":{"start":{"line":1334,"column":8},"end":{"line":1338,"column":2}},"652":{"start":{"line":1335,"column":5},"end":{"line":1335,"column":15}},"653":{"start":{"line":1337,"column":5},"end":{"line":1337,"column":31}},"654":{"start":{"line":1341,"column":4},"end":{"line":1341,"column":17}},"655":{"start":{"line":1348,"column":0},"end":{"line":1556,"column":2}},"656":{"start":{"line":1350,"column":4},"end":{"line":1350,"column":23}},"657":{"start":{"line":1351,"column":4},"end":{"line":1351,"column":25}},"658":{"start":{"line":1352,"column":4},"end":{"line":1352,"column":42}},"659":{"start":{"line":1354,"column":4},"end":{"line":1354,"column":19}},"660":{"start":{"line":1356,"column":4},"end":{"line":1358,"column":6}},"661":{"start":{"line":1357,"column":1},"end":{"line":1357,"column":31}},"662":{"start":{"line":1360,"column":4},"end":{"line":1426,"column":6}},"663":{"start":{"line":1365,"column":1},"end":{"line":1365,"column":27}},"664":{"start":{"line":1370,"column":1},"end":{"line":1370,"column":24}},"665":{"start":{"line":1371,"column":1},"end":{"line":1371,"column":25}},"666":{"start":{"line":1373,"column":1},"end":{"line":1373,"column":21}},"667":{"start":{"line":1374,"column":1},"end":{"line":1374,"column":18}},"668":{"start":{"line":1375,"column":1},"end":{"line":1375,"column":18}},"669":{"start":{"line":1381,"column":1},"end":{"line":1381,"column":21}},"670":{"start":{"line":1382,"column":1},"end":{"line":1382,"column":21}},"671":{"start":{"line":1383,"column":1},"end":{"line":1383,"column":21}},"672":{"start":{"line":1386,"column":1},"end":{"line":1386,"column":21}},"673":{"start":{"line":1387,"column":1},"end":{"line":1387,"column":21}},"674":{"start":{"line":1388,"column":1},"end":{"line":1388,"column":21}},"675":{"start":{"line":1393,"column":1},"end":{"line":1393,"column":22}},"676":{"start":{"line":1394,"column":1},"end":{"line":1394,"column":19}},"677":{"start":{"line":1395,"column":1},"end":{"line":1395,"column":19}},"678":{"start":{"line":1396,"column":1},"end":{"line":1396,"column":24}},"679":{"start":{"line":1397,"column":1},"end":{"line":1397,"column":25}},"680":{"start":{"line":1398,"column":1},"end":{"line":1398,"column":18}},"681":{"start":{"line":1406,"column":1},"end":{"line":1406,"column":24}},"682":{"start":{"line":1407,"column":1},"end":{"line":1407,"column":43}},"683":{"start":{"line":1409,"column":1},"end":{"line":1409,"column":31}},"684":{"start":{"line":1411,"column":1},"end":{"line":1411,"column":16}},"685":{"start":{"line":1413,"column":1},"end":{"line":1417,"column":2}},"686":{"start":{"line":1414,"column":5},"end":{"line":1414,"column":24}},"687":{"start":{"line":1415,"column":5},"end":{"line":1415,"column":41}},"688":{"start":{"line":1416,"column":5},"end":{"line":1416,"column":19}},"689":{"start":{"line":1419,"column":1},"end":{"line":1419,"column":39}},"690":{"start":{"line":1420,"column":1},"end":{"line":1420,"column":56}},"691":{"start":{"line":1421,"column":1},"end":{"line":1421,"column":21}},"692":{"start":{"line":1425,"column":1},"end":{"line":1425,"column":22}},"693":{"start":{"line":1428,"column":4},"end":{"line":1461,"column":6}},"694":{"start":{"line":1430,"column":1},"end":{"line":1430,"column":16}},"695":{"start":{"line":1431,"column":1},"end":{"line":1431,"column":20}},"696":{"start":{"line":1432,"column":1},"end":{"line":1432,"column":20}},"697":{"start":{"line":1434,"column":1},"end":{"line":1434,"column":16}},"698":{"start":{"line":1436,"column":1},"end":{"line":1452,"column":3}},"699":{"start":{"line":1438,"column":5},"end":{"line":1440,"column":6}},"700":{"start":{"line":1439,"column":2},"end":{"line":1439,"column":33}},"701":{"start":{"line":1442,"column":5},"end":{"line":1448,"column":6}},"702":{"start":{"line":1443,"column":2},"end":{"line":1443,"column":63}},"703":{"start":{"line":1444,"column":2},"end":{"line":1444,"column":29}},"704":{"start":{"line":1445,"column":2},"end":{"line":1445,"column":29}},"705":{"start":{"line":1446,"column":2},"end":{"line":1446,"column":17}},"706":{"start":{"line":1447,"column":2},"end":{"line":1447,"column":17}},"707":{"start":{"line":1450,"column":5},"end":{"line":1450,"column":52}},"708":{"start":{"line":1451,"column":5},"end":{"line":1451,"column":38}},"709":{"start":{"line":1454,"column":1},"end":{"line":1458,"column":3}},"710":{"start":{"line":1455,"column":5},"end":{"line":1457,"column":6}},"711":{"start":{"line":1456,"column":2},"end":{"line":1456,"column":29}},"712":{"start":{"line":1460,"column":1},"end":{"line":1460,"column":14}},"713":{"start":{"line":1463,"column":4},"end":{"line":1523,"column":6}},"714":{"start":{"line":1465,"column":1},"end":{"line":1465,"column":37}},"715":{"start":{"line":1466,"column":1},"end":{"line":1466,"column":41}},"716":{"start":{"line":1467,"column":1},"end":{"line":1467,"column":36}},"717":{"start":{"line":1470,"column":1},"end":{"line":1470,"column":24}},"718":{"start":{"line":1472,"column":1},"end":{"line":1474,"column":2}},"719":{"start":{"line":1473,"column":5},"end":{"line":1473,"column":40}},"720":{"start":{"line":1475,"column":1},"end":{"line":1475,"column":44}},"721":{"start":{"line":1476,"column":1},"end":{"line":1476,"column":42}},"722":{"start":{"line":1478,"column":1},"end":{"line":1478,"column":39}},"723":{"start":{"line":1479,"column":1},"end":{"line":1479,"column":39}},"724":{"start":{"line":1482,"column":1},"end":{"line":1482,"column":36}},"725":{"start":{"line":1484,"column":1},"end":{"line":1484,"column":19}},"726":{"start":{"line":1486,"column":1},"end":{"line":1486,"column":47}},"727":{"start":{"line":1487,"column":1},"end":{"line":1487,"column":16}},"728":{"start":{"line":1489,"column":1},"end":{"line":1513,"column":2}},"729":{"start":{"line":1491,"column":5},"end":{"line":1491,"column":51}},"730":{"start":{"line":1492,"column":5},"end":{"line":1492,"column":20}},"731":{"start":{"line":1494,"column":5},"end":{"line":1512,"column":6}},"732":{"start":{"line":1496,"column":2},"end":{"line":1496,"column":12}},"733":{"start":{"line":1500,"column":2},"end":{"line":1500,"column":44}},"734":{"start":{"line":1502,"column":2},"end":{"line":1509,"column":3}},"735":{"start":{"line":1504,"column":6},"end":{"line":1506,"column":7}},"736":{"start":{"line":1505,"column":3},"end":{"line":1505,"column":18}},"737":{"start":{"line":1508,"column":6},"end":{"line":1508,"column":23}},"738":{"start":{"line":1511,"column":2},"end":{"line":1511,"column":8}},"739":{"start":{"line":1515,"column":1},"end":{"line":1515,"column":43}},"740":{"start":{"line":1518,"column":1},"end":{"line":1518,"column":34}},"741":{"start":{"line":1520,"column":1},"end":{"line":1520,"column":16}},"742":{"start":{"line":1522,"column":1},"end":{"line":1522,"column":30}},"743":{"start":{"line":1525,"column":4},"end":{"line":1553,"column":6}},"744":{"start":{"line":1527,"column":1},"end":{"line":1527,"column":15}},"745":{"start":{"line":1528,"column":1},"end":{"line":1528,"column":15}},"746":{"start":{"line":1530,"column":1},"end":{"line":1530,"column":16}},"747":{"start":{"line":1532,"column":1},"end":{"line":1538,"column":3}},"748":{"start":{"line":1533,"column":5},"end":{"line":1535,"column":6}},"749":{"start":{"line":1534,"column":2},"end":{"line":1534,"column":36}},"750":{"start":{"line":1536,"column":5},"end":{"line":1536,"column":23}},"751":{"start":{"line":1537,"column":5},"end":{"line":1537,"column":16}},"752":{"start":{"line":1540,"column":1},"end":{"line":1542,"column":3}},"753":{"start":{"line":1541,"column":5},"end":{"line":1541,"column":18}},"754":{"start":{"line":1544,"column":1},"end":{"line":1546,"column":3}},"755":{"start":{"line":1545,"column":5},"end":{"line":1545,"column":22}},"756":{"start":{"line":1548,"column":1},"end":{"line":1550,"column":3}},"757":{"start":{"line":1549,"column":5},"end":{"line":1549,"column":44}},"758":{"start":{"line":1552,"column":1},"end":{"line":1552,"column":14}},"759":{"start":{"line":1555,"column":4},"end":{"line":1555,"column":17}},"760":{"start":{"line":1558,"column":0},"end":{"line":1582,"column":2}},"761":{"start":{"line":1560,"column":4},"end":{"line":1560,"column":38}},"762":{"start":{"line":1561,"column":4},"end":{"line":1565,"column":5}},"763":{"start":{"line":1562,"column":1},"end":{"line":1564,"column":2}},"764":{"start":{"line":1563,"column":5},"end":{"line":1563,"column":41}},"765":{"start":{"line":1567,"column":4},"end":{"line":1567,"column":36}},"766":{"start":{"line":1568,"column":4},"end":{"line":1568,"column":17}},"767":{"start":{"line":1570,"column":4},"end":{"line":1570,"column":44}},"768":{"start":{"line":1571,"column":4},"end":{"line":1571,"column":32}},"769":{"start":{"line":1572,"column":4},"end":{"line":1574,"column":5}},"770":{"start":{"line":1573,"column":1},"end":{"line":1573,"column":28}},"771":{"start":{"line":1575,"column":4},"end":{"line":1575,"column":19}},"772":{"start":{"line":1577,"column":4},"end":{"line":1577,"column":17}},"773":{"start":{"line":1578,"column":4},"end":{"line":1578,"column":36}},"774":{"start":{"line":1579,"column":4},"end":{"line":1579,"column":18}},"775":{"start":{"line":1581,"column":4},"end":{"line":1581,"column":15}},"776":{"start":{"line":1587,"column":0},"end":{"line":1587,"column":24}}},"branchMap":{"1":{"line":62,"type":"if","locations":[{"start":{"line":62,"column":1},"end":{"line":62,"column":1}},{"start":{"line":62,"column":1},"end":{"line":62,"column":1}}]},"2":{"line":66,"type":"if","locations":[{"start":{"line":66,"column":1},"end":{"line":66,"column":1}},{"start":{"line":66,"column":1},"end":{"line":66,"column":1}}]},"3":{"line":77,"type":"if","locations":[{"start":{"line":77,"column":5},"end":{"line":77,"column":5}},{"start":{"line":77,"column":5},"end":{"line":77,"column":5}}]},"4":{"line":77,"type":"binary-expr","locations":[{"start":{"line":77,"column":9},"end":{"line":77,"column":22}},{"start":{"line":77,"column":26},"end":{"line":77,"column":49}}]},"5":{"line":81,"type":"if","locations":[{"start":{"line":81,"column":2},"end":{"line":81,"column":2}},{"start":{"line":81,"column":2},"end":{"line":81,"column":2}}]},"6":{"line":81,"type":"binary-expr","locations":[{"start":{"line":81,"column":6},"end":{"line":81,"column":19}},{"start":{"line":81,"column":23},"end":{"line":81,"column":46}}]},"7":{"line":83,"type":"if","locations":[{"start":{"line":83,"column":2},"end":{"line":83,"column":2}},{"start":{"line":83,"column":2},"end":{"line":83,"column":2}}]},"8":{"line":83,"type":"binary-expr","locations":[{"start":{"line":83,"column":8},"end":{"line":83,"column":14}},{"start":{"line":83,"column":18},"end":{"line":83,"column":24}},{"start":{"line":83,"column":29},"end":{"line":83,"column":35}},{"start":{"line":83,"column":39},"end":{"line":83,"column":45}},{"start":{"line":84,"column":11},"end":{"line":84,"column":17}},{"start":{"line":84,"column":21},"end":{"line":84,"column":27}},{"start":{"line":84,"column":32},"end":{"line":84,"column":38}},{"start":{"line":84,"column":42},"end":{"line":84,"column":48}},{"start":{"line":85,"column":11},"end":{"line":85,"column":17}},{"start":{"lin
[...]
:199,"column":16},"end":{"line":199,"column":21}},{"start":{"line":199,"column":25},"end":{"line":199,"column":48}}]},"22":{"line":201,"type":"if","locations":[{"start":{"line":201,"column":5},"end":{"line":201,"column":5}},{"start":{"line":201,"column":5},"end":{"line":201,"column":5}}]},"23":{"line":203,"type":"if","locations":[{"start":{"line":203,"column":12},"end":{"line":203,"column":12}},{"start":{"line":203,"column":12},"end":{"line":203,"column":12}}]},"24":{"line":224,"type":"if","locations":[{"start":{"line":224,"column":5},"end":{"line":224,"column":5}},{"start":{"line":224,"column":5},"end":{"line":224,"column":5}}]},"25":{"line":230,"type":"if","locations":[{"start":{"line":230,"column":6},"end":{"line":230,"column":6}},{"start":{"line":230,"column":6},"end":{"line":230,"column":6}}]},"26":{"line":234,"type":"if","locations":[{"start":{"line":234,"column":3},"end":{"line":234,"column":3}},{"start":{"line":234,"column":3},"end":{"line":234,"column":3}}]},"27":{"line":240,"type":"if","locations":[{"start":{"line":240,"column":3},"end":{"line":240,"column":3}},{"start":{"line":240,"column":3},"end":{"line":240,"column":3}}]},"28":{"line":247,"type":"if","locations":[{"start":{"line":247,"column":3},"end":{"line":247,"column":3}},{"start":{"line":247,"column":3},"end":{"line":247,"column":3}}]},"29":{"line":256,"type":"if","locations":[{"start":{"line":256,"column":2},"end":{"line":256,"column":2}},{"start":{"line":256,"column":2},"end":{"line":256,"column":2}}]},"30":{"line":256,"type":"binary-expr","locations":[{"start":{"line":256,"column":6},"end":{"line":256,"column":13}},{"start":{"line":256,"column":17},"end":{"line":256,"column":36}}]},"31":{"line":297,"type":"cond-expr","locations":[{"start":{"line":297,"column":34},"end":{"line":297,"column":57}},{"start":{"line":297,"column":60},"end":{"line":297,"column":61}}]},"32":{"line":311,"type":"if","locations":[{"start":{"line":311,"column":2},"end":{"line":311,"column":2}},{"start":{"line":311,"column":2},"end":{"line":311,"column":2}}]},"33":{"line":320,"type":"if","locations":[{"start":{"line":320,"column":2},"end":{"line":320,"column":2}},{"start":{"line":320,"column":2},"end":{"line":320,"column":2}}]},"34":{"line":349,"type":"if","locations":[{"start":{"line":349,"column":1},"end":{"line":349,"column":1}},{"start":{"line":349,"column":1},"end":{"line":349,"column":1}}]},"35":{"line":358,"type":"if","locations":[{"start":{"line":358,"column":1},"end":{"line":358,"column":1}},{"start":{"line":358,"column":1},"end":{"line":358,"column":1}}]},"36":{"line":370,"type":"if","locations":[{"start":{"line":370,"column":5},"end":{"line":370,"column":5}},{"start":{"line":370,"column":5},"end":{"line":370,"column":5}}]},"37":{"line":375,"type":"if","locations":[{"start":{"line":375,"column":5},"end":{"line":375,"column":5}},{"start":{"line":375,"column":5},"end":{"line":375,"column":5}}]},"38":{"line":391,"type":"if","locations":[{"start":{"line":391,"column":1},"end":{"line":391,"column":1}},{"start":{"line":391,"column":1},"end":{"line":391,"column":1}}]},"39":{"line":391,"type":"binary-expr","locations":[{"start":{"line":391,"column":5},"end":{"line":391,"column":12}},{"start":{"line":391,"column":16},"end":{"line":391,"column":35}},{"start":{"line":391,"column":39},"end":{"line":391,"column":46}},{"start":{"line":391,"column":50},"end":{"line":391,"column":69}}]},"40":{"line":407,"type":"binary-expr","locations":[{"start":{"line":407,"column":12},"end":{"line":407,"column":20}},{"start":{"line":407,"column":24},"end":{"line":407,"column":25}}]},"41":{"line":408,"type":"cond-expr","locations":[{"start":{"line":408,"column":42},"end":{"line":408,"column":54}},{"start":{"line":408,"column":57},"end":{"line":408,"column":63}}]},"42":{"line":431,"type":"cond-expr","locations":[{"start":{"line":431,"column":32},"end":{"line":431,"column":41}},{"start":{"line":431,"column":44},"end":{"line":431,"column":53}}]},"43":{"line":447,"type":"binary-expr","locations":[{"start":{"line":447,"column":12},"end":{"line":447,"column":20}},{"start":{"line":447,"column":24},"end":{"line":447,"column":25}}]},"44":{"line":448,"type":"cond-expr","locations":[{"start":{"line":448,"column":42},"end":{"line":448,"column":54}},{"start":{"line":448,"column":57},"end":{"line":448,"column":63}}]},"45":{"line":454,"type":"if","locations":[{"start":{"line":454,"column":5},"end":{"line":454,"column":5}},{"start":{"line":454,"column":5},"end":{"line":454,"column":5}}]},"46":{"line":454,"type":"binary-expr","locations":[{"start":{"line":454,"column":9},"end":{"line":454,"column":17}},{"start":{"line":454,"column":21},"end":{"line":454,"column":28}},{"start":{"line":454,"column":32},"end":{"line":454,"column":40}},{"start":{"line":454,"column":44},"end":{"line":454,"column":51}}]},"47":{"line":457,"type":"cond-expr","locations":[{"start":{"line":457,"column":29},"end":{"line":457,"column":30}},{"start":{"line":457,"column":33},"end":{"line":457,"column":34}}]},"48":{"line":498,"type":"if","locations":[{"start":{"line":498,"column":5},"end":{"line":498,"column":5}},{"start":{"line":498,"column":5},"end":{"line":498,"column":5}}]},"49":{"line":506,"type":"if","locations":[{"start":{"line":506,"column":5},"end":{"line":506,"column":5}},{"start":{"line":506,"column":5},"end":{"line":506,"column":5}}]},"50":{"line":515,"type":"if","locations":[{"start":{"line":515,"column":1},"end":{"line":515,"column":1}},{"start":{"line":515,"column":1},"end":{"line":515,"column":1}}]},"51":{"line":528,"type":"if","locations":[{"start":{"line":528,"column":5},"end":{"line":528,"column":5}},{"start":{"line":528,"column":5},"end":{"line":528,"column":5}}]},"52":{"line":532,"type":"if","locations":[{"start":{"line":532,"column":2},"end":{"line":532,"column":2}},{"start":{"line":532,"column":2},"end":{"line":532,"column":2}}]},"53":{"line":533,"type":"if","locations":[{"start":{"line":533,"column":6},"end":{"line":533,"column":6}},{"start":{"line":533,"column":6},"end":{"line":533,"column":6}}]},"54":{"line":672,"type":"switch","locations":[{"start":{"line":674,"column":5},"end":{"line":675,"column":53}},{"start":{"line":676,"column":5},"end":{"line":677,"column":47}},{"start":{"line":678,"column":5},"end":{"line":679,"column":47}},{"start":{"line":680,"column":5},"end":{"line":681,"column":53}},{"start":{"line":682,"column":5},"end":{"line":683,"column":86}},{"start":{"line":684,"column":5},"end":{"line":685,"column":67}},{"start":{"line":686,"column":5},"end":{"line":687,"column":74}},{"start":{"line":688,"column":5},"end":{"line":689,"column":74}},{"start":{"line":691,"column":2},"end":{"line":692,"column":52}}]},"55":{"line":706,"type":"if","locations":[{"start":{"line":706,"column":1},"end":{"line":706,"column":1}},{"start":{"line":706,"column":1},"end":{"line":706,"column":1}}]},"56":{"line":706,"type":"binary-expr","locations":[{"start":{"line":706,"column":5},"end":{"line":706,"column":14}},{"start":{"line":706,"column":18},"end":{"line":706,"column":27}}]},"57":{"line":710,"type":"switch","locations":[{"start":{"line":711,"column":2},"end":{"line":711,"column":39}},{"start":{"line":712,"column":2},"end":{"line":712,"column":41}},{"start":{"line":713,"column":2},"end":{"line":713,"column":40}},{"start":{"line":714,"column":2},"end":{"line":714,"column":37}},{"start":{"line":715,"column":6},"end":{"line":716,"column":38}}]},"58":{"line":719,"type":"if","locations":[{"start":{"line":719,"column":8},"end":{"line":719,"column":8}},{"start":{"line":719,"column":8},"end":{"line":719,"column":8}}]},"59":{"line":723,"type":"switch","locations":[{"start":{"line":724,"column":2},"end":{"line":724,"column":39}},{"start":{"line":725,"column":2},"end":{"line":725,"column":42}},{"start":{"line":726,"column":2},"end":{"line":726,"column":41}},{"start":{"line":727,"column":2},"end":{"line":727,"column":38}},{"start":{"line":728,"column":6},"end":{"line":729,"column":38}}]},"60":{"line":732,"type":"if","locations":[{"start":{"line":732,"column":8},"end":{"line":732,"column":8}},{"start":{"line":732,"column":8},"end":{"line":732,"column":8}}]},"61":{"line":736,"type":"switch","locations":[{"start":{"line":737,"column":2},"end":{"line":737,"column":39}},{"start":{"line":738,"column":2},"end":{"line":738,"column":41}},{"start":{"line":739,"column":2},"end":{"line":739,"column":41}},{"start":{"line":740,"column":2},"end":{"line":740,"column":38}},{"start":{"line":741,"column":6},"end":{"line":742,"column":38}}]},"62":{"line":766,"type":"if","locations":[{"start":{"line":766,"column":6},"end":{"line":766,"column":6}},{"start":{"line":766,"column":6},"end":{"line":766,"column":6}}]},"63":{"line":766,"type":"binary-expr","locations":[{"start":{"line":766,"column":10},"end":{"line":766,"column":21}},{"start":{"line":766,"column":25},"end":{"line":766,"column":47}}]},"64":{"line":772,"type":"if","locations":[{"start":{"line":772,"column":3},"end":{"line":772,"column":3}},{"start":{"line":772,"column":3},"end":{"line":772,"column":3}}]},"65":{"line":772,"type":"binary-expr","locations":[{"start":{"line":772,"column":7},"end":{"line":772,"column":18}},{"start":{"line":772,"column":22},"end":{"line":772,"column":44}}]},"66":{"line":776,"type":"if","locations":[{"start":{"line":776,"column":3},"end":{"line":776,"column":3}},{"start":{"line":776,"column":3},"end":{"line":776,"column":3}}]},"67":{"line":776,"type":"binary-expr","locations":[{"start":{"line":776,"column":7},"end":{"line":776,"column":13}},{"start":{"line":776,"column":17},"end":{"line":776,"column":23}}]},"68":{"line":780,"type":"if","locations":[{"start":{"line":780,"column":3},"end":{"line":780,"column":3}},{"start":{"line":780,"column":3},"end":{"line":780,"column":3}}]},"69":{"line":786,"type":"if","locations":[{"start":{"line":786,"column":2},"end":{"line":786,"column":2}},{"start":{"line":786,"column":2},"end":{"line":786,"column":2}}]},"70":{"line":797,"type":"if","locations":[{"start":{"line":797,"column":2},"end":{"line":797,"column":2}},{"start":{"line":797,"column":2},"end":{"line":797,"column":2}}]},"71":{"line":798,"type":"if","locations":[{"start":{"line":798,"column":2},"end":{"line":798,"column":2}},{"start":{"line":798,"column":2},"end":{"line":798,"column":2}}]},"72":{"line":799,"type":"if","locations":[{"start":{"line":799,"column":2},"end":{"line":799,"column":2}},{"start":{"line":799,"column":2},"end":{"line":799,"column":2}}]},"73":{"line":800,"type":"if","locations":[{"start":{"line":800,"column":2},"end":{"line":800,"column":2}},{"start":{"line":800,"column":2},"end":{"line":800,"column":2}}]},"74":{"line":801,"type":"if","locations":[{"start":{"line":801,"column":2},"end":{"line":801,"column":2}},{"start":{"line":801,"column":2},"end":{"line":801,"column":2}}]},"75":{"line":801,"type":"binary-expr","locations":[{"start":{"line":801,"column":6},"end":{"line":801,"column":16}},{"start":{"line":801,"column":20},"end":{"line":801,"column":30}}]},"76":{"line":811,"type":"if","locations":[{"start":{"line":811,"column":2},"end":{"line":811,"column":2}},{"start":{"line":811,"column":2},"end":{"line":811,"column":2}}]},"77":{"line":811,"type":"binary-expr","locations":[{"start":{"line":811,"column":6},"end":{"line":811,"column":29}},{"start":{"line":812,"column":9},"end":{"line":812,"column":37}},{"start":{"line":813,"column":10},"end":{"line":813,"column":37}},{"start":{"line":814,"column":10},"end":{"line":814,"column":37}},{"start":{"line":815,"column":10},"end":{"line":815,"column":37}},{"start":{"line":816,"column":9},"end":{"line":816,"column":37}},{"start":{"line":817,"column":10},"end":{"line":817,"column":37}}]},"78":{"line":825,"type":"if","locations":[{"start":{"line":825,"column":2},"end":{"line":825,"column":2}},{"start":{"line":825,"column":2},"end":{"line":825,"column":2}}]},"79":{"line":825,"type":"binary-expr","locations":[{"start":{"line":825,"column":6},"end":{"line":825,"column":29}},{"start":{"line":826,"column":9},"end":{"line":826,"column":37}},{"start":{"line":827,"column":10},"end":{"line":827,"column":37}},{"start":{"line":828,"column":10},"end":{"line":828,"column":37}},{"start":{"line":829,"column":10},"end":{"line":829,"column":37}},{"start":{"line":830,"column":9},"end":{"line":830,"column":37}},{"start":{"line":831,"column":10},"end":{"line":831,"column":37}}]},"80":{"line":843,"type":"if","locations":[{"start":{"line":843,"column":2},"end":{"line":843,"column":2}},{"start":{"line":843,"column":2},"end":{"line":843,"column":2}}]},"81":{"line":885,"type":"if","locations":[{"start":{"line":885,"column":1},"end":{"line":885,"column":1}},{"start":{"line":885,"column":1},"end":{"line":885,"column":1}}]},"82":{"line":914,"type":"if","locations":[{"start":{"line":914,"column":4},"end":{"line":914,"column":4}},{"start":{"line":914,"column":4},"end":{"line":914,"column":4}}]},"83":{"line":920,"type":"binary-expr","locations":[{"start":{"line":920,"column":8},"end":{"line":920,"column":27}},{"start":{"line":920,"column":31},"end":{"line":920,"column":47}}]},"84":{"line":955,"type":"if","locations":[{"start":{"line":955,"column":1},"end":{"line":955,"column":1}},{"start":{"line":955,"column":1},"end":{"line":955,"column":1}}]},"85":{"line":998,"type":"switch","locations":[{"start":{"line":999,"column":5},"end":{"line":1000,"column":50}},{"start":{"line":1001,"column":5},"end":{"line":1002,"column":50}},{"start":{"line":1003,"column":5},"end":{"line":1004,"column":50}},{"start":{"line":1005,"column":5},"end":{"line":1006,"column":50}},{"start":{"line":1007,"column":2},"end":{"line":1008,"column":19}}]},"86":{"line":1016,"type":"if","locations":[{"start":{"line":1016,"column":1},"end":{"line":1016,"column":1}},{"start":{"line":1016,"column":1},"end":{"line":1016,"column":1}}]},"87":{"line":1075,"type":"if","locations":[{"start":{"line":1075,"column":1},"end":{"line":1075,"column":1}},{"start":{"line":1075,"column":1},"end":{"line":1075,"column":1}}]},"88":{"line":1079,"type":"if","locations":[{"start":{"line":1079,"column":1},"end":{"line":1079,"column":1}},{"start":{"line":1079,"column":1},"end":{"line":1079,"column":1}}]},"89":{"line":1107,"type":"if","locations":[{"start":{"line":1107,"column":1},"end":{"line":1107,"column":1}},{"start":{"line":1107,"column":1},"end":{"line":1107,"column":1}}]},"90":{"line":1112,"type":"if","locations":[{"start":{"line":1112,"column":8},"end":{"line":1112,"column":8}},{"start":{"line":1112,"column":8},"end":{"line":1112,"column":8}}]},"91":{"line":1116,"type":"if","locations":[{"start":{"line":1116,"column":8},"end":{"line":1116,"column":8}},{"start":{"line":1116,"column":8},"end":{"line":1116,"column":8}}]},"92":{"line":1129,"type":"if","locations":[{"start":{"line":1129,"column":4},"end":{"line":1129,"column":4}},{"start":{"line":1129,"column":4},"end":{"line":1129,"column":4}}]},"93":{"line":1178,"type":"binary-expr","locations":[{"start":{"line":1178,"column":7},"end":{"line":1178,"column":10}},{"start":{"line":1178,"column":14},"end":{"line":1178,"column":15}}]},"94":{"line":1179,"type":"binary-expr","locations":[{"start":{"line":1179,"column":7},"end":{"line":1179,"column":10}},{"start":{"line":1179,"column":14},"end":{"line":1179,"column":22}}]},"95":{"line":1199,"type":"if","locations":[{"start":{"line":1199,"column":5},"end":{"line":1199,"column":5}},{"start":{"line":1199,"column":5},"end":{"line":1199,"column":5}}]},"96":{"line":1229,"type":"if","locations":[{"start":{"line":1229,"column":1},"end":{"line":1229,"column":1}},{"start":{"line":1229,"column":1},"end":{"line":1229,"column":1}}]},"97":{"line":1231,"type":"if","locations":[{"start":{"line":1231,"column":8},"end":{"line":1231,"column":8}},{"start":{"line":1231,"column":8},"end":{"line":1231,"column":8}}]},"98":{"line":1233,"type":"if","locations":[{"start":{"line":1233,"column":8},"end":{"line":1233,"column":8}},{"start":{"line":1233,"column":8},"end":{"line":1233,"column":8}}]},"99":{"line":1235,"type":"if","locations":[{"start":{"line":1235,"column":8},"end":{"line":1235,"column":8}},{"start":{"line":1235,"column":8},"end":{"line":1235,"column":8}}]},"100":{"line":1237,"type":"if","locations":[{"start":{"line":1237,"column":8},"end":{"line":1237,"column":8}},{"start":{"line":1237,"column":8},"end":{"line":1237,"column":8}}]},"101":{"line":1239,"type":"if","locations":[{"start":{"line":1239,"column":8},"end":{"line":1239,"column":8}},{"start":{"line":1239,"column":8},"end":{"line":1239,"column":8}}]},"102":{"line":1259,"type":"if","locations":[{"start":{"line":1259,"column":1},"end":{"line":1259,"column":1}},{"start":{"line":1259,"column":1},"end":{"line":1259,"column":1}}]},"103":{"line":1265,"type":"if","locations":[{"start":{"line":1265,"column":1},"end":{"line":1265,"column":1}},{"start":{"line":1265,"column":1},"end":{"line":1265,"column":1}}]},"104":{"line":1298,"type":"if","locations":[{"start":{"line":1298,"column":5},"end":{"line":1298,"column":5}},{"start":{"line":1298,"column":5},"end":{"line":1298,"column":5}}]},"105":{"line":1299,"type":"if","locations":[{"start":{"line":1299,"column":2},"end":{"line":1299,"column":2}},{"start":{"line":1299,"column":2},"end":{"line":1299,"column":2}}]},"106":{"line":1308,"type":"if","locations":[{"start":{"line":1308,"column":5},"end":{"line":1308,"column":5}},{"start":{"line":1308,"column":5},"end":{"line":1308,"column":5}}]},"107":{"line":1311,"type":"if","locations":[{"start":{"line":1311,"column":12},"end":{"line":1311,"column":12}},{"start":{"line":1311,"column":12},"end":{"line":1311,"column":12}}]},"108":{"line":1326,"type":"if","locations":[{"start":{"line":1326,"column":1},"end":{"line":1326,"column":1}},{"start":{"line":1326,"column":1},"end":{"line":1326,"column":1}}]},"109":{"line":1326,"type":"binary-expr","locations":[{"start":{"line":1326,"column":5},"end":{"line":1326,"column":14}},{"start":{"line":1326,"column":18},"end":{"line":1326,"column":27}}]},"110":{"line":1328,"type":"if","locations":[{"start":{"line":1328,"column":8},"end":{"line":1328,"column":8}},{"start":{"line":1328,"column":8},"end":{"line":1328,"column":8}}]},"111":{"line":1328,"type":"binary-expr","locations":[{"start":{"line":1328,"column":12},"end":{"line":1328,"column":21}},{"start":{"line":1328,"column":25},"end":{"line":1328,"column":34}}]},"112":{"line":1330,"type":"if","locations":[{"start":{"line":1330,"column":8},"end":{"line":1330,"column":8}},{"start":{"line":1330,"column":8},"end":{"line":1330,"column":8}}]},"113":{"line":1330,"type":"binary-expr","locations":[{"start":{"line":1330,"column":12},"end":{"line":1330,"column":21}},{"start":{"line":1330,"column":25},"end":{"line":1330,"column":34}}]},"114":{"line":1332,"type":"if","locations":[{"start":{"line":1332,"column":8},"end":{"line":1332,"column":8}},{"start":{"line":1332,"column":8},"end":{"line":1332,"column":8}}]},"115":{"line":1334,"type":"if","locations":[{"start":{"line":1334,"column":8},"end":{"line":1334,"column":8}},{"start":{"line":1334,"column":8},"end":{"line":1334,"column":8}}]},"116":{"line":1438,"type":"if","locations":[{"start":{"line":1438,"column":5},"end":{"line":1438,"column":5}},{"start":{"line":1438,"column":5},"end":{"line":1438,"column":5}}]},"117":{"line":1455,"type":"if","locations":[{"start":{"line":1455,"column":5},"end":{"line":1455,"column":5}},{"start":{"line":1455,"column":5},"end":{"line":1455,"column":5}}]},"118":{"line":1494,"type":"if","locations":[{"start":{"line":1494,"column":5},"end":{"line":1494,"column":5}},{"start":{"line":1494,"column":5},"end":{"line":1494,"column":5}}]},"119":{"line":1502,"type":"if","locations":[{"start":{"line":1502,"column":2},"end":{"line":1502,"column":2}},{"start":{"line":1502,"column":2},"end":{"line":1502,"column":2}}]},"120":{"line":1504,"type":"if","locations":[{"start":{"line":1504,"column":6},"end":{"line":1504,"column":6}},{"start":{"line":1504,"column":6},"end":{"line":1504,"column":6}}]},"121":{"line":1533,"type":"if","locations":[{"start":{"line":1533,"column":5},"end":{"line":1533,"column":5}},{"start":{"line":1533,"column":5},"end":{"line":1533,"column":5}}]}}}}