TN:
SF:/home/zenozeng/home/code/node-yaqrcode/index.js
FN:3,(anonymous_1)
FNF:1
FNH:1
FNDA:2,(anonymous_1)
DA:1,1
DA:3,1
DA:4,2
DA:5,2
DA:6,2
DA:7,2
DA:9,2
DA:11,2
DA:12,2
DA:13,2
DA:14,2
DA:16,1
DA:17,0
DA:19,1
DA:28,1
DA:29,1
DA:31,1
DA:34,1
LF:18
LH:17
BRDA:4,1,0,2
BRDA:4,1,1,1
BRDA:5,2,0,2
BRDA:5,2,1,1
BRDA:6,3,0,2
BRDA:6,3,1,1
BRDA:7,4,0,2
BRDA:7,4,1,1
BRDA:12,5,0,2
BRDA:12,5,1,0
BRDA:16,6,0,0
BRDA:16,6,1,1
BRF:12
BRH:10
end_of_record
TN:
SF:/home/zenozeng/home/code/node-yaqrcode/qrcode.js
FN:27,(anonymous_1)
FN:41,(anonymous_2)
FN:44,(anonymous_3)
FN:73,(anonymous_4)
FN:94,(anonymous_5)
FN:114,(anonymous_6)
FN:131,(anonymous_7)
FN:162,(anonymous_8)
FN:177,(anonymous_9)
FN:214,(anonymous_10)
FN:265,(anonymous_11)
FN:330,(anonymous_12)
FN:384,(anonymous_13)
FN:390,(anonymous_14)
FN:397,(anonymous_15)
FN:401,(anonymous_16)
FN:405,(anonymous_17)
FN:445,(anonymous_18)
FN:453,(anonymous_19)
FN:471,(anonymous_20)
FN:489,(anonymous_21)
FN:493,(anonymous_22)
FN:496,(anonymous_23)
FN:524,(anonymous_24)
FN:591,(anonymous_25)
FN:641,(anonymous_26)
FN:650,(anonymous_27)
FN:658,(anonymous_28)
FN:666,(anonymous_29)
FN:670,(anonymous_30)
FN:675,(anonymous_31)
FN:677,(anonymous_32)
FN:679,(anonymous_33)
FN:681,(anonymous_34)
FN:683,(anonymous_35)
FN:685,(anonymous_36)
FN:687,(anonymous_37)
FN:689,(anonymous_38)
FN:696,(anonymous_39)
FN:704,(anonymous_40)
FN:750,(anonymous_41)
FN:862,(anonymous_42)
FN:883,(anonymous_43)
FN:892,(anonymous_44)
FN:912,qrPolynomial
FN:918,(anonymous_46)
FN:932,(anonymous_47)
FN:936,(anonymous_48)
FN:940,(anonymous_49)
FN:953,(anonymous_50)
FN:981,(anonymous_51)
FN:987,(anonymous_52)
FN:996,(anonymous_53)
FN:1012,(anonymous_54)
FN:1046,(anonymous_55)
FN:1053,(anonymous_56)
FN:1057,(anonymous_57)
FN:1062,(anonymous_58)
FN:1068,(anonymous_59)
FN:1072,(anonymous_60)
FN:1093,(anonymous_61)
FN:1137,(anonymous_62)
FN:1141,(anonymous_63)
FN:1145,(anonymous_64)
FN:1162,(anonymous_65)
FN:1168,(anonymous_66)
FN:1172,(anonymous_67)
FN:1177,(anonymous_68)
FN:1185,(anonymous_69)
FN:1191,(anonymous_70)
FN:1195,(anonymous_71)
FN:1215,(anonymous_72)
FN:1224,(anonymous_73)
FN:1228,(anonymous_74)
FN:1245,(anonymous_75)
FN:1257,(anonymous_76)
FN:1274,(anonymous_77)
FN:1285,(anonymous_78)
FN:1294,(anonymous_79)
FN:1325,(anonymous_80)
FN:1348,(anonymous_81)
FN:1356,(anonymous_82)
FN:1360,(anonymous_83)
FN:1428,(anonymous_84)
FN:1436,(anonymous_85)
FN:1454,(anonymous_86)
FN:1463,(anonymous_87)
FN:1525,(anonymous_88)
FN:1532,(anonymous_89)
FN:1540,(anonymous_90)
FN:1544,(anonymous_91)
FN:1548,(anonymous_92)
FN:1558,(anonymous_93)
FNF:93
FNH:80
FNDA:2,(anonymous_1)
FNDA:10,(anonymous_2)
FNDA:10,(anonymous_3)
FNDA:30,(anonymous_4)
FNDA:2,(anonymous_5)
FNDA:10,(anonymous_6)
FNDA:10,(anonymous_7)
FNDA:0,(anonymous_8)
FNDA:10,(anonymous_9)
FNDA:9,(anonymous_10)
FNDA:1,(anonymous_11)
FNDA:2,(anonymous_12)
FNDA:2,(anonymous_13)
FNDA:415172,(anonymous_14)
FNDA:11,(anonymous_15)
FNDA:2,(anonymous_16)
FNDA:0,(anonymous_17)
FNDA:1,(anonymous_18)
FNDA:250000,(anonymous_19)
FNDA:0,(anonymous_20)
FNDA:0,(anonymous_21)
FNDA:0,(anonymous_22)
FNDA:0,(anonymous_23)
FNDA:0,(anonymous_24)
FNDA:1,(anonymous_25)
FNDA:76,(anonymous_26)
FNDA:10,(anonymous_27)
FNDA:0,(anonymous_28)
FNDA:10,(anonymous_29)
FNDA:9,(anonymous_30)
FNDA:1079,(anonymous_31)
FNDA:1079,(anonymous_32)
FNDA:1079,(anonymous_33)
FNDA:1079,(anonymous_34)
FNDA:2158,(anonymous_35)
FNDA:1079,(anonymous_36)
FNDA:1079,(anonymous_37)
FNDA:1079,(anonymous_38)
FNDA:2,(anonymous_39)
FNDA:2,(anonymous_40)
FNDA:8,(anonymous_41)
FNDA:1,(anonymous_42)
FNDA:4722,(anonymous_43)
FNDA:3398,(anonymous_44)
FNDA:186,qrPolynomial
FNDA:186,(anonymous_46)
FNDA:8726,(anonymous_47)
FNDA:9136,(anonymous_48)
FNDA:48,(anonymous_49)
FNDA:88,(anonymous_50)
FNDA:1,(anonymous_51)
FNDA:4,(anonymous_52)
FNDA:2,(anonymous_53)
FNDA:2,(anonymous_54)
FNDA:2,(anonymous_55)
FNDA:86,(anonymous_56)
FNDA:0,(anonymous_57)
FNDA:154,(anonymous_58)
FNDA:25,(anonymous_59)
FNDA:1220,(anonymous_60)
FNDA:2,(anonymous_61)
FNDA:4,(anonymous_62)
FNDA:2,(anonymous_63)
FNDA:2,(anonymous_64)
FNDA:2,(anonymous_65)
FNDA:17192,(anonymous_66)
FNDA:6,(anonymous_67)
FNDA:34,(anonymous_68)
FNDA:3,(anonymous_69)
FNDA:2,(anonymous_70)
FNDA:0,(anonymous_71)
FNDA:1,(anonymous_72)
FNDA:11506,(anonymous_73)
FNDA:11506,(anonymous_74)
FNDA:8629,(anonymous_75)
FNDA:1,(anonymous_76)
FNDA:1,(anonymous_77)
FNDA:0,(anonymous_78)
FNDA:0,(anonymous_79)
FNDA:0,(anonymous_80)
FNDA:1,(anonymous_81)
FNDA:250000,(anonymous_82)
FNDA:1,(anonymous_83)
FNDA:1,(anonymous_84)
FNDA:6046,(anonymous_85)
FNDA:1,(anonymous_86)
FNDA:1,(anonymous_87)
FNDA:1,(anonymous_88)
FNDA:4095,(anonymous_89)
FNDA:10132,(anonymous_90)
FNDA:6044,(anonymous_91)
FNDA:254094,(anonymous_92)
FNDA:1,(anonymous_93)
DA:27,1
DA:29,2
DA:30,2
DA:32,2
DA:33,2
DA:34,2
DA:35,2
DA:36,2
DA:37,2
DA:39,2
DA:41,2
DA:43,10
DA:44,10
DA:45,10
DA:46,10
DA:47,366
DA:48,366
DA:49,13410
DA:52,10
DA:55,10
DA:56,10
DA:57,10
DA:58,10
DA:59,10
DA:60,10
DA:62,10
DA:63,0
DA:66,10
DA:67,2
DA:70,9
DA:73,2
DA:75,30
DA:77,270
DA:79,240
DA:81,2160
DA:83,1920
DA:86,990
DA:88,930
DA:94,2
DA:96,2
DA:97,2
DA:99,2
DA:101,9
DA:103,8
DA:105,8
DA:106,5
DA:107,5
DA:111,1
DA:114,2
DA:116,10
DA:117,206
DA:118,0
DA:120,206
DA:123,10
DA:124,206
DA:125,0
DA:127,206
DA:131,2
DA:133,10
DA:135,10
DA:137,20
DA:139,40
DA:140,40
DA:142,40
DA:143,30
DA:146,10
DA:148,50
DA:150,250
DA:152,170
DA:154,80
DA:162,2
DA:164,0
DA:166,0
DA:167,0
DA:168,0
DA:171,0
DA:172,0
DA:173,0
DA:177,2
DA:179,10
DA:180,10
DA:183,10
DA:185,150
DA:187,150
DA:188,60
DA:189,90
DA:190,20
DA:192,70
DA:197,10
DA:199,150
DA:201,150
DA:202,80
DA:203,70
DA:204,10
DA:206,60
DA:211,10
DA:214,2
DA:216,9
DA:217,9
DA:218,9
DA:219,9
DA:220,9
DA:222,9
DA:224,162
DA:226,162
DA:228,5994
DA:230,11988
DA:232,9711
DA:234,9711
DA:235,9648
DA:238,9711
DA:240,9711
DA:241,4564
DA:244,9711
DA:245,9711
DA:247,9711
DA:248,1206
DA:249,1206
DA:254,5994
DA:256,5994
DA:257,162
DA:258,162
DA:259,162
DA:265,2
DA:267,1
DA:269,1
DA:270,1
DA:272,1
DA:273,1
DA:275,1
DA:277,2
DA:278,2
DA:280,2
DA:281,2
DA:283,2
DA:285,2
DA:286,86
DA:288,2
DA:290,2
DA:291,2
DA:293,2
DA:294,2
DA:295,2
DA:296,48
DA:297,48
DA:301,1
DA:302,1
DA:303,2
DA:306,1
DA:307,1
DA:309,1
DA:310,43
DA:311,86
DA:312,86
DA:313,86
DA:318,1
DA:319,24
DA:320,48
DA:321,48
DA:322,48
DA:327,1
DA:330,2
DA:332,2
DA:334,2
DA:336,2
DA:337,2
DA:338,2
DA:339,2
DA:340,2
DA:344,2
DA:345,2
DA:346,4
DA:349,2
DA:350,1
DA:358,1
DA:359,1
DA:363,1
DA:364,0
DA:368,1
DA:370,10
DA:371,0
DA:373,10
DA:375,10
DA:376,1
DA:378,9
DA:381,1
DA:384,2
DA:385,2
DA:386,2
DA:387,2
DA:390,2
DA:391,415172
DA:392,0
DA:394,415172
DA:397,2
DA:398,11
DA:401,2
DA:402,2
DA:405,2
DA:407,0
DA:408,0
DA:410,0
DA:412,0
DA:413,0
DA:414,0
DA:415,0
DA:416,0
DA:417,0
DA:419,0
DA:421,0
DA:423,0
DA:424,0
DA:425,0
DA:426,0
DA:427,0
DA:428,0
DA:429,0
DA:430,0
DA:431,0
DA:432,0
DA:433,0
DA:436,0
DA:439,0
DA:440,0
DA:442,0
DA:445,2
DA:447,1
DA:448,1
DA:450,1
DA:451,1
DA:453,1
DA:454,250000
DA:455,231361
DA:456,231361
DA:457,231361
DA:459,18639
DA:464,2
DA:471,1
DA:472,0
DA:473,0
DA:474,0
DA:475,0
DA:477,0
DA:489,1
DA:493,0
DA:495,0
DA:496,0
DA:497,0
DA:498,0
DA:499,0
DA:502,0
DA:503,0
DA:504,0
DA:505,0
DA:506,0
DA:507,0
DA:508,0
DA:509,0
DA:510,0
DA:511,0
DA:512,0
DA:513,0
DA:515,0
DA:516,0
DA:519,0
DA:522,0
DA:524,0
DA:525,0
DA:526,0
DA:527,0
DA:528,0
DA:529,0
DA:531,0
DA:532,0
DA:533,0
DA:535,0
DA:538,0
DA:539,0
DA:542,0
DA:546,0
DA:554,1
DA:565,1
DA:576,1
DA:591,1
DA:593,1
DA:635,1
DA:636,1
DA:637,1
DA:639,1
DA:641,1
DA:642,76
DA:643,76
DA:644,829
DA:645,829
DA:647,76
DA:650,1
DA:651,10
DA:652,10
DA:653,14
DA:655,10
DA:658,1
DA:659,0
DA:660,0
DA:661,0
DA:663,0
DA:666,1
DA:667,10
DA:670,1
DA:672,9
DA:675,1079
DA:677,1079
DA:679,1079
DA:681,1079
DA:683,2158
DA:685,1079
DA:687,1079
DA:689,1079
DA:692,0
DA:696,1
DA:697,2
DA:698,2
DA:699,48
DA:701,2
DA:704,1
DA:706,2
DA:710,2
DA:711,0
DA:712,0
DA:713,2
DA:714,0
DA:716,0
DA:719,0
DA:723,0
DA:724,0
DA:725,0
DA:726,0
DA:727,0
DA:729,0
DA:732,0
DA:736,0
DA:737,0
DA:738,0
DA:739,0
DA:740,0
DA:742,0
DA:746,0
DA:750,1
DA:752,8
DA:754,8
DA:758,8
DA:759,296
DA:761,10952
DA:762,10952
DA:764,10952
DA:766,32856
DA:767,592
DA:770,32264
DA:772,96792
DA:773,1744
DA:776,95048
DA:777,10952
DA:780,84096
DA:781,41566
DA:786,10952
DA:787,1450
DA:794,8
DA:795,288
DA:796,10368
DA:797,10368
DA:798,10368
DA:799,10368
DA:800,10368
DA:801,10368
DA:802,1442
DA:809,8
DA:810,296
DA:811,9176
DA:818,138
DA:823,8
DA:824,296
DA:825,9176
DA:832,140
DA:839,8
DA:841,8
DA:842,296
DA:843,10952
DA:844,5373
DA:849,8
DA:850,8
DA:852,8
DA:855,1
DA:862,1
DA:864,1
DA:865,1
DA:868,1
DA:869,8
DA:871,1
DA:872,248
DA:877,1
DA:878,255
DA:881,1
DA:883,1
DA:885,4722
DA:886,0
DA:889,4722
DA:892,1
DA:894,3398
DA:895,0
DA:898,3398
DA:899,1219
DA:902,3398
DA:905,1
DA:912,1
DA:914,186
DA:915,0
DA:918,186
DA:919,186
DA:920,186
DA:921,86
DA:923,186
DA:924,186
DA:925,4702
DA:927,186
DA:930,186
DA:932,186
DA:933,8726
DA:936,186
DA:937,9136
DA:940,186
DA:942,48
DA:944,48
DA:945,600
DA:946,1200
DA:950,48
DA:953,186
DA:955,88
DA:956,2
DA:959,86
DA:961,86
DA:962,86
DA:963,3956
DA:966,86
DA:967,2150
DA:971,86
DA:974,186
DA:981,1
DA:985,1
DA:987,1
DA:988,4
DA:989,4
DA:990,4
DA:991,4
DA:994,1
DA:996,1
DA:998,2
DA:1000,0
DA:1002,2
DA:1004,0
DA:1006,0
DA:1008,0
DA:1012,1
DA:1014,2
DA:1016,2
DA:1017,0
DA:1021,2
DA:1023,2
DA:1025,2
DA:1027,2
DA:1028,2
DA:1029,2
DA:1031,2
DA:1032,4
DA:1036,2
DA:1039,1
DA:1046,1
DA:1048,2
DA:1049,2
DA:1051,2
DA:1053,2
DA:1054,86
DA:1057,2
DA:1058,0
DA:1059,0
DA:1062,2
DA:1063,154
DA:1064,1220
DA:1068,2
DA:1069,25
DA:1072,2
DA:1074,1220
DA:1075,1220
DA:1076,153
DA:1079,1220
DA:1080,576
DA:1083,1220
DA:1086,2
DA:1093,1
DA:1095,2
DA:1096,2
DA:1097,2
DA:1099,2
DA:1103,2
DA:1104,130
DA:1105,130
DA:1107,130
DA:1108,0
DA:1109,0
DA:1110,0
DA:1111,0
DA:1112,130
DA:1113,0
DA:1114,0
DA:1115,0
DA:1116,130
DA:1117,0
DA:1118,0
DA:1120,130
DA:1124,130
DA:1127,2
DA:1129,2
DA:1130,0
DA:1131,0
DA:1132,0
DA:1135,2
DA:1137,2
DA:1138,4
DA:1141,2
DA:1142,2
DA:1145,2
DA:1146,2
DA:1147,130
DA:1151,2
DA:1162,1
DA:1164,2
DA:1166,2
DA:1168,2
DA:1169,17192
DA:1172,2
DA:1173,6
DA:1174,6
DA:1177,2
DA:1178,34
DA:1179,34
DA:1180,34
DA:1181,8563
DA:1185,2
DA:1186,3
DA:1187,8
DA:1191,2
DA:1192,2
DA:1195,2
DA:1196,0
DA:1197,0
DA:1198,0
DA:1199,0
DA:1200,0
DA:1202,0
DA:1204,0
DA:1205,0
DA:1208,2
DA:1215,1
DA:1217,1
DA:1218,1
DA:1219,1
DA:1220,1
DA:1222,1
DA:1224,1
DA:1225,11506
DA:1228,1
DA:1229,11506
DA:1231,11506
DA:1232,3672
DA:1233,7834
DA:1234,4833
DA:1235,3001
DA:1236,2130
DA:1237,871
DA:1238,294
DA:1239,577
DA:1240,577
DA:1242,0
DA:1245,1
DA:1247,8629
DA:1248,8629
DA:1249,8629
DA:1251,8629
DA:1252,11505
DA:1253,11505
DA:1257,1
DA:1259,1
DA:1260,1
DA:1261,1
DA:1262,1
DA:1265,1
DA:1267,1
DA:1268,1
DA:1269,2
DA:1274,1
DA:1275,1
DA:1278,1
DA:1285,1
DA:1287,0
DA:1288,0
DA:1289,0
DA:1290,0
DA:1292,0
DA:1294,0
DA:1296,0
DA:1298,0
DA:1299,0
DA:1300,0
DA:1302,0
DA:1305,0
DA:1306,0
DA:1308,0
DA:1309,0
DA:1310,0
DA:1311,0
DA:1313,0
DA:1316,0
DA:1317,0
DA:1320,0
DA:1321,0
DA:1322,0
DA:1325,0
DA:1326,0
DA:1327,0
DA:1328,0
DA:1329,0
DA:1330,0
DA:1331,0
DA:1332,0
DA:1333,0
DA:1334,0
DA:1335,0
DA:1337,0
DA:1341,0
DA:1348,1
DA:1350,1
DA:1351,1
DA:1352,1
DA:1354,1
DA:1356,1
DA:1357,250000
DA:1360,1
DA:1365,1
DA:1370,1
DA:1371,1
DA:1373,1
DA:1374,1
DA:1375,1
DA:1381,1
DA:1382,1
DA:1383,1
DA:1386,1
DA:1387,1
DA:1388,1
DA:1393,1
DA:1394,1
DA:1395,1
DA:1396,1
DA:1397,1
DA:1398,1
DA:1406,1
DA:1407,1
DA:1409,1
DA:1411,1
DA:1413,1
DA:1414,33
DA:1415,33
DA:1416,33
DA:1419,1
DA:1420,1
DA:1421,1
DA:1425,1
DA:1428,1
DA:1430,1
DA:1431,1
DA:1432,1
DA:1434,1
DA:1436,1
DA:1438,6046
DA:1439,0
DA:1442,6046
DA:1443,8562
DA:1444,8562
DA:1445,8562
DA:1446,8562
DA:1447,8562
DA:1450,6046
DA:1451,6046
DA:1454,1
DA:1455,1
DA:1456,1
DA:1460,1
DA:1463,1
DA:1465,1
DA:1466,1
DA:1467,1
DA:1470,1
DA:1472,1
DA:1473,4
DA:1475,1
DA:1476,1
DA:1478,1
DA:1479,1
DA:1482,1
DA:1484,1
DA:1486,1
DA:1487,1
DA:1489,1
DA:1491,249999
DA:1492,249999
DA:1494,249999
DA:1496,243956
DA:1500,6043
DA:1502,6043
DA:1504,4089
DA:1505,9
DA:1508,4089
DA:1511,6043
DA:1515,1
DA:1518,1
DA:1520,1
DA:1522,1
DA:1525,1
DA:1527,1
DA:1528,1
DA:1530,1
DA:1532,1
DA:1533,4095
DA:1534,0
DA:1536,4095
DA:1537,4095
DA:1540,1
DA:1541,10132
DA:1544,1
DA:1545,6044
DA:1548,1
DA:1549,254094
DA:1552,1
DA:1555,1
DA:1558,1
DA:1560,1
DA:1561,1
DA:1562,500
DA:1563,250000
DA:1567,1
DA:1568,1
DA:1570,1
DA:1571,1
DA:1572,1
DA:1573,8629
DA:1575,1
DA:1577,1
DA:1578,1
DA:1579,1
DA:1581,1
DA:1587,1
LF:759
LH:586
BRDA:62,1,0,0
BRDA:62,1,1,10
BRDA:66,2,0,2
BRDA:66,2,1,8
BRDA:77,3,0,30
BRDA:77,3,1,240
BRDA:77,4,0,270
BRDA:77,4,1,250
BRDA:81,5,0,240
BRDA:81,5,1,1920
BRDA:81,6,0,2160
BRDA:81,6,1,2000
BRDA:83,7,0,990
BRDA:83,7,1,930
BRDA:83,8,0,1920
BRDA:83,8,1,1840
BRDA:83,8,2,1680
BRDA:83,8,3,1470
BRDA:83,8,4,1500
BRDA:83,8,5,1420
BRDA:83,8,6,1260
BRDA:83,8,7,1110
BRDA:83,8,8,1200
BRDA:83,8,9,910
BRDA:83,8,10,540
BRDA:83,8,11,420
BRDA:105,9,0,5
BRDA:105,9,1,3
BRDA:105,10,0,8
BRDA:105,10,1,7
BRDA:117,11,0,0
BRDA:117,11,1,206
BRDA:124,12,0,0
BRDA:124,12,1,206
BRDA:142,13,0,30
BRDA:142,13,1,10
BRDA:150,14,0,170
BRDA:150,14,1,80
BRDA:150,15,0,250
BRDA:150,15,1,200
BRDA:150,15,2,150
BRDA:150,15,3,120
BRDA:150,15,4,90
BRDA:150,15,5,30
BRDA:167,16,0,0
BRDA:167,16,1,0
BRDA:172,17,0,0
BRDA:172,17,1,0
BRDA:185,18,0,150
BRDA:185,18,1,15
BRDA:187,19,0,60
BRDA:187,19,1,90
BRDA:189,20,0,20
BRDA:189,20,1,70
BRDA:199,21,0,150
BRDA:199,21,1,15
BRDA:201,22,0,80
BRDA:201,22,1,70
BRDA:203,23,0,10
BRDA:203,23,1,60
BRDA:224,24,0,9
BRDA:224,24,1,153
BRDA:230,25,0,9711
BRDA:230,25,1,2277
BRDA:234,26,0,9648
BRDA:234,26,1,63
BRDA:240,27,0,4564
BRDA:240,27,1,5147
BRDA:247,28,0,1206
BRDA:247,28,1,8505
BRDA:256,29,0,162
BRDA:256,29,1,5832
BRDA:256,30,0,5994
BRDA:256,30,1,5913
BRDA:297,31,0,48
BRDA:297,31,1,0
BRDA:311,32,0,86
BRDA:311,32,1,0
BRDA:320,33,0,48
BRDA:320,33,1,0
BRDA:349,34,0,1
BRDA:349,34,1,1
BRDA:358,35,0,1
BRDA:358,35,1,0
BRDA:370,36,0,0
BRDA:370,36,1,10
BRDA:375,37,0,1
BRDA:375,37,1,9
BRDA:391,38,0,0
BRDA:391,38,1,415172
BRDA:391,39,0,415172
BRDA:391,39,1,415172
BRDA:391,39,2,415172
BRDA:391,39,3,415172
BRDA:407,40,0,0
BRDA:407,40,1,0
BRDA:408,41,0,0
BRDA:408,41,1,0
BRDA:431,42,0,0
BRDA:431,42,1,0
BRDA:447,43,0,1
BRDA:447,43,1,0
BRDA:448,44,0,0
BRDA:448,44,1,1
BRDA:454,45,0,231361
BRDA:454,45,1,18639
BRDA:454,46,0,250000
BRDA:454,46,1,245500
BRDA:454,46,2,240500
BRDA:454,46,3,236171
BRDA:457,47,0,115596
BRDA:457,47,1,115765
BRDA:498,48,0,0
BRDA:498,48,1,0
BRDA:506,49,0,0
BRDA:506,49,1,0
BRDA:515,50,0,0
BRDA:515,50,1,0
BRDA:528,51,0,0
BRDA:528,51,1,0
BRDA:532,52,0,0
BRDA:532,52,1,0
BRDA:533,53,0,0
BRDA:533,53,1,0
BRDA:672,54,0,1
BRDA:672,54,1,1
BRDA:672,54,2,1
BRDA:672,54,3,1
BRDA:672,54,4,2
BRDA:672,54,5,1
BRDA:672,54,6,1
BRDA:672,54,7,1
BRDA:672,54,8,0
BRDA:706,55,0,2
BRDA:706,55,1,0
BRDA:706,56,0,2
BRDA:706,56,1,2
BRDA:710,57,0,0
BRDA:710,57,1,0
BRDA:710,57,2,2
BRDA:710,57,3,0
BRDA:710,57,4,0
BRDA:719,58,0,0
BRDA:719,58,1,0
BRDA:723,59,0,0
BRDA:723,59,1,0
BRDA:723,59,2,0
BRDA:723,59,3,0
BRDA:723,59,4,0
BRDA:732,60,0,0
BRDA:732,60,1,0
BRDA:736,61,0,0
BRDA:736,61,1,0
BRDA:736,61,2,0
BRDA:736,61,3,0
BRDA:736,61,4,0
BRDA:766,62,0,592
BRDA:766,62,1,32264
BRDA:766,63,0,32856
BRDA:766,63,1,32560
BRDA:772,64,0,1744
BRDA:772,64,1,95048
BRDA:772,65,0,96792
BRDA:772,65,1,95920
BRDA:776,66,0,10952
BRDA:776,66,1,84096
BRDA:776,67,0,95048
BRDA:776,67,1,32264
BRDA:780,68,0,41566
BRDA:780,68,1,42530
BRDA:786,69,0,1450
BRDA:786,69,1,9502
BRDA:797,70,0,5028
BRDA:797,70,1,5340
BRDA:798,71,0,5002
BRDA:798,71,1,5366
BRDA:799,72,0,5013
BRDA:799,72,1,5355
BRDA:800,73,0,4987
BRDA:800,73,1,5381
BRDA:801,74,0,1442
BRDA:801,74,1,8926
BRDA:801,75,0,10368
BRDA:801,75,1,9528
BRDA:811,76,0,138
BRDA:811,76,1,9038
BRDA:811,77,0,9176
BRDA:811,77,1,4489
BRDA:811,77,2,2320
BRDA:811,77,3,1182
BRDA:811,77,4,546
BRDA:811,77,5,335
BRDA:811,77,6,197
BRDA:825,78,0,140
BRDA:825,78,1,9036
BRDA:825,79,0,9176
BRDA:825,79,1,4495
BRDA:825,79,2,2250
BRDA:825,79,3,1169
BRDA:825,79,4,513
BRDA:825,79,5,305
BRDA:825,79,6,186
BRDA:843,80,0,5373
BRDA:843,80,1,5579
BRDA:885,81,0,0
BRDA:885,81,1,4722
BRDA:914,82,0,0
BRDA:914,82,1,186
BRDA:920,83,0,272
BRDA:920,83,1,272
BRDA:955,84,0,2
BRDA:955,84,1,86
BRDA:998,85,0,0
BRDA:998,85,1,2
BRDA:998,85,2,0
BRDA:998,85,3,0
BRDA:998,85,4,0
BRDA:1016,86,0,0
BRDA:1016,86,1,2
BRDA:1075,87,0,153
BRDA:1075,87,1,1067
BRDA:1079,88,0,576
BRDA:1079,88,1,644
BRDA:1107,89,0,0
BRDA:1107,89,1,130
BRDA:1112,90,0,0
BRDA:1112,90,1,130
BRDA:1116,91,0,0
BRDA:1116,91,1,130
BRDA:1129,92,0,0
BRDA:1129,92,1,2
BRDA:1178,93,0,34
BRDA:1178,93,1,1
BRDA:1179,94,0,34
BRDA:1179,94,1,0
BRDA:1199,95,0,0
BRDA:1199,95,1,0
BRDA:1229,96,0,0
BRDA:1229,96,1,11506
BRDA:1231,97,0,3672
BRDA:1231,97,1,7834
BRDA:1233,98,0,4833
BRDA:1233,98,1,3001
BRDA:1235,99,0,2130
BRDA:1235,99,1,871
BRDA:1237,100,0,294
BRDA:1237,100,1,577
BRDA:1239,101,0,577
BRDA:1239,101,1,0
BRDA:1259,102,0,1
BRDA:1259,102,1,0
BRDA:1265,103,0,1
BRDA:1265,103,1,0
BRDA:1298,104,0,0
BRDA:1298,104,1,0
BRDA:1299,105,0,0
BRDA:1299,105,1,0
BRDA:1308,106,0,0
BRDA:1308,106,1,0
BRDA:1311,107,0,0
BRDA:1311,107,1,0
BRDA:1326,108,0,0
BRDA:1326,108,1,0
BRDA:1326,109,0,0
BRDA:1326,109,1,0
BRDA:1328,110,0,0
BRDA:1328,110,1,0
BRDA:1328,111,0,0
BRDA:1328,111,1,0
BRDA:1330,112,0,0
BRDA:1330,112,1,0
BRDA:1330,113,0,0
BRDA:1330,113,1,0
BRDA:1332,114,0,0
BRDA:1332,114,1,0
BRDA:1334,115,0,0
BRDA:1334,115,1,0
BRDA:1438,116,0,0
BRDA:1438,116,1,6046
BRDA:1455,117,0,1
BRDA:1455,117,1,0
BRDA:1494,118,0,243956
BRDA:1494,118,1,6043
BRDA:1502,119,0,4089
BRDA:1502,119,1,1954
BRDA:1504,120,0,9
BRDA:1504,120,1,4080
BRDA:1533,121,0,0
BRDA:1533,121,1,4095
BRF:289
BRH:191
end_of_record
